#
# There is insufficient memory for the Java Runtime Environment to continue.
# Native memory allocation (malloc) failed to allocate 2058336 bytes for Chunk::new
# Possible reasons:
#   The system is out of physical RAM or swap space
#   The process is running with CompressedOops enabled, and the Java Heap may be blocking the growth of the native heap
# Possible solutions:
#   Reduce memory load on the system
#   Increase physical memory or swap space
#   Check if swap backing store is full
#   Decrease Java heap size (-Xmx/-Xms)
#   Decrease number of Java threads
#   Decrease Java thread stack sizes (-Xss)
#   Set larger code cache with -XX:ReservedCodeCacheSize=
#   JVM is running with Unscaled Compressed Oops mode in which the Java heap is
#     placed in the first 4GB address space. The Java Heap base address is the
#     maximum limit for the native heap growth. Please use -XX:HeapBaseMinAddress
#     to set the Java Heap base and to place the Java Heap above 4GB virtual address.
# This output file may be truncated or incomplete.
#
#  Out of Memory Error (arena.cpp:189), pid=23476, tid=14376
#
# JRE version: Java(TM) SE Runtime Environment (17.0.7+8) (build 17.0.7+8-LTS-224)
# Java VM: Java HotSpot(TM) 64-Bit Server VM (17.0.7+8-LTS-224, mixed mode, sharing, tiered, compressed oops, compressed class ptrs, g1 gc, windows-amd64)
# No core dump will be written. Minidumps are not enabled by default on client versions of Windows
#

---------------  S U M M A R Y ------------

Command Line: -XX:MaxMetaspaceSize=512m --add-opens=java.base/java.util=ALL-UNNAMED --add-opens=java.base/java.lang=ALL-UNNAMED --add-opens=java.base/java.lang.invoke=ALL-UNNAMED --add-opens=java.prefs/java.util.prefs=ALL-UNNAMED --add-opens=java.base/java.nio.charset=ALL-UNNAMED --add-opens=java.base/java.net=ALL-UNNAMED --add-opens=java.base/java.util.concurrent.atomic=ALL-UNNAMED -Xmx2048m -Dfile.encoding=utf8 -Duser.country=GB -Duser.language=en -Duser.variant org.gradle.launcher.daemon.bootstrap.GradleDaemon 8.0.1

Host: Intel(R) Core(TM) i5-1035G1 CPU @ 1.00GHz, 8 cores, 11G,  Windows 10 , 64 bit Build 19041 (10.0.19041.3393)
Time: Wed Oct 18 23:11:38 2023 SE Asia Standard Time elapsed time: 9.072383 seconds (0d 0h 0m 9s)

---------------  T H R E A D  ---------------

Current thread (0x00000281e57a6c20):  JavaThread "C2 CompilerThread0" daemon [_thread_in_native, id=14376, stack(0x000000d076700000,0x000000d076800000)]


Current CompileTask:
C2:   9072 2321   !   4       java.net.URLClassLoader::findClass (47 bytes)

Stack: [0x000000d076700000,0x000000d076800000]
Native frames: (J=compiled Java code, j=interpreted, Vv=VM code, C=native code)
V  [jvm.dll+0x676a4a]
V  [jvm.dll+0x7d74f4]
V  [jvm.dll+0x7d8c9e]
V  [jvm.dll+0x7d9303]
V  [jvm.dll+0x2452c5]
V  [jvm.dll+0xaaa2b]
V  [jvm.dll+0xaafcc]
V  [jvm.dll+0x36141e]
V  [jvm.dll+0x32bba1]
V  [jvm.dll+0x32b03a]
V  [jvm.dll+0x217acf]
V  [jvm.dll+0x216f01]
V  [jvm.dll+0x1a35e0]
V  [jvm.dll+0x226a6e]
V  [jvm.dll+0x224e15]
V  [jvm.dll+0x78d05c]
V  [jvm.dll+0x78759a]
V  [jvm.dll+0x675875]
C  [ucrtbase.dll+0x21bb2]
C  [KERNEL32.DLL+0x17344]
C  [ntdll.dll+0x526b1]


---------------  P R O C E S S  ---------------

Threads class SMR info:
_java_thread_list=0x00000281e89d83f0, length=25, elements={
0x00000281c7594950, 0x00000281e575fbd0, 0x00000281e5760690, 0x00000281e57748f0,
0x00000281e57772c0, 0x00000281e5779b90, 0x00000281e5782670, 0x00000281e57a6c20,
0x00000281e57a7be0, 0x00000281e57bacc0, 0x00000281e620ff30, 0x00000281e620e250,
0x00000281e620ebf0, 0x00000281e620f590, 0x00000281e620e720, 0x00000281e620f0c0,
0x00000281e620fa60, 0x00000281e6210400, 0x00000281e620d8b0, 0x00000281e620dd80,
0x00000281e64ac9d0, 0x00000281e64a9010, 0x00000281e64ac030, 0x00000281e64abb60,
0x00000281e64a94e0
}

Java Threads: ( => current thread )
  0x00000281c7594950 JavaThread "main" [_thread_blocked, id=7352, stack(0x000000d075a00000,0x000000d075b00000)]
  0x00000281e575fbd0 JavaThread "Reference Handler" daemon [_thread_blocked, id=18816, stack(0x000000d076100000,0x000000d076200000)]
  0x00000281e5760690 JavaThread "Finalizer" daemon [_thread_blocked, id=9944, stack(0x000000d076200000,0x000000d076300000)]
  0x00000281e57748f0 JavaThread "Signal Dispatcher" daemon [_thread_blocked, id=10564, stack(0x000000d076300000,0x000000d076400000)]
  0x00000281e57772c0 JavaThread "Attach Listener" daemon [_thread_blocked, id=19684, stack(0x000000d076400000,0x000000d076500000)]
  0x00000281e5779b90 JavaThread "Service Thread" daemon [_thread_blocked, id=22940, stack(0x000000d076500000,0x000000d076600000)]
  0x00000281e5782670 JavaThread "Monitor Deflation Thread" daemon [_thread_blocked, id=6704, stack(0x000000d076600000,0x000000d076700000)]
=>0x00000281e57a6c20 JavaThread "C2 CompilerThread0" daemon [_thread_in_native, id=14376, stack(0x000000d076700000,0x000000d076800000)]
  0x00000281e57a7be0 JavaThread "C1 CompilerThread0" daemon [_thread_blocked, id=5584, stack(0x000000d076800000,0x000000d076900000)]
  0x00000281e57bacc0 JavaThread "Sweeper thread" daemon [_thread_blocked, id=19304, stack(0x000000d076900000,0x000000d076a00000)]
  0x00000281e620ff30 JavaThread "Common-Cleaner" daemon [_thread_blocked, id=1736, stack(0x000000d076a00000,0x000000d076b00000)]
  0x00000281e620e250 JavaThread "Notification Thread" daemon [_thread_blocked, id=15908, stack(0x000000d076b00000,0x000000d076c00000)]
  0x00000281e620ebf0 JavaThread "Daemon health stats" [_thread_blocked, id=16236, stack(0x000000d077100000,0x000000d077200000)]
  0x00000281e620f590 JavaThread "Incoming local TCP Connector on port 50726" [_thread_in_native, id=8348, stack(0x000000d077200000,0x000000d077300000)]
  0x00000281e620e720 JavaThread "Daemon periodic checks" [_thread_blocked, id=21216, stack(0x000000d077300000,0x000000d077400000)]
  0x00000281e620f0c0 JavaThread "Daemon" [_thread_blocked, id=16884, stack(0x000000d077400000,0x000000d077500000)]
  0x00000281e620fa60 JavaThread "Handler for socket connection from /127.0.0.1:50726 to /127.0.0.1:50727" [_thread_in_native, id=19940, stack(0x000000d077500000,0x000000d077600000)]
  0x00000281e6210400 JavaThread "Cancel handler" [_thread_blocked, id=6800, stack(0x000000d077600000,0x000000d077700000)]
  0x00000281e620d8b0 JavaThread "Daemon worker" [_thread_in_Java, id=10772, stack(0x000000d077700000,0x000000d077800000)]
  0x00000281e620dd80 JavaThread "Asynchronous log dispatcher for DefaultDaemonConnection: socket connection from /127.0.0.1:50726 to /127.0.0.1:50727" [_thread_in_Java, id=6680, stack(0x000000d077800000,0x000000d077900000)]
  0x00000281e64ac9d0 JavaThread "Stdin handler" [_thread_blocked, id=7584, stack(0x000000d077900000,0x000000d077a00000)]
  0x00000281e64a9010 JavaThread "Daemon client event forwarder" [_thread_blocked, id=2160, stack(0x000000d077a00000,0x000000d077b00000)]
  0x00000281e64ac030 JavaThread "Cache worker for journal cache (C:\Users\blues\.gradle\caches\journal-1)" [_thread_blocked, id=10796, stack(0x000000d077b00000,0x000000d077c00000)]
  0x00000281e64abb60 JavaThread "File lock request listener" [_thread_in_native, id=18664, stack(0x000000d077c00000,0x000000d077d00000)]
  0x00000281e64a94e0 JavaThread "Cache worker for file hash cache (C:\Users\blues\.gradle\caches\8.0.1\fileHashes)" [_thread_blocked, id=1572, stack(0x000000d077d00000,0x000000d077e00000)]

Other Threads:
  0x00000281e575a220 VMThread "VM Thread" [stack: 0x000000d076000000,0x000000d076100000] [id=11940]
  0x00000281e620b530 WatcherThread [stack: 0x000000d076c00000,0x000000d076d00000] [id=2308]
  0x00000281c75edde0 GCTaskThread "GC Thread#0" [stack: 0x000000d075b00000,0x000000d075c00000] [id=10544]
  0x00000281e654d5b0 GCTaskThread "GC Thread#1" [stack: 0x000000d076d00000,0x000000d076e00000] [id=2168]
  0x00000281e6a5b140 GCTaskThread "GC Thread#2" [stack: 0x000000d076e00000,0x000000d076f00000] [id=16468]
  0x00000281e6a5b3f0 GCTaskThread "GC Thread#3" [stack: 0x000000d076f00000,0x000000d077000000] [id=19584]
  0x00000281e78617d0 GCTaskThread "GC Thread#4" [stack: 0x000000d077000000,0x000000d077100000] [id=24012]
  0x00000281c75fec30 ConcurrentGCThread "G1 Main Marker" [stack: 0x000000d075c00000,0x000000d075d00000] [id=15116]
  0x00000281c75ff550 ConcurrentGCThread "G1 Conc#0" [stack: 0x000000d075d00000,0x000000d075e00000] [id=4360]
  0x00000281e56160f0 ConcurrentGCThread "G1 Refine#0" [stack: 0x000000d075e00000,0x000000d075f00000] [id=19000]
  0x00000281e5616920 ConcurrentGCThread "G1 Service" [stack: 0x000000d075f00000,0x000000d076000000] [id=10392]

Threads with active compile tasks:
C2 CompilerThread0     9127 2321   !   4       java.net.URLClassLoader::findClass (47 bytes)

VM state: not at safepoint (normal execution)

VM Mutex/Monitor currently owned by a thread: None

Heap address: 0x0000000080000000, size: 2048 MB, Compressed Oops mode: 32-bit

CDS archive(s) mapped at: [0x0000000800000000-0x0000000800bd0000-0x0000000800bd0000), size 12386304, SharedBaseAddress: 0x0000000800000000, ArchiveRelocationMode: 0.
Compressed class space mapped at: 0x0000000800c00000-0x000000081a800000, reserved size: 432013312
Narrow klass base: 0x0000000800000000, Narrow klass shift: 0, Narrow klass range: 0x100000000

GC Precious Log:
 CPUs: 8 total, 8 available
 Memory: 12069M
 Large Page Support: Disabled
 NUMA Support: Disabled
 Compressed Oops: Enabled (32-bit)
 Heap Region Size: 1M
 Heap Min Capacity: 8M
 Heap Initial Capacity: 190M
 Heap Max Capacity: 2G
 Pre-touch: Disabled
 Parallel Workers: 8
 Concurrent Workers: 2
 Concurrent Refinement Workers: 8
 Periodic GC: Disabled

Heap:
 garbage-first heap   total 194560K, used 91487K [0x0000000080000000, 0x0000000100000000)
  region size 1024K, 80 young (81920K), 4 survivors (4096K)
 Metaspace       used 17783K, committed 18176K, reserved 438272K
  class space    used 2622K, committed 2816K, reserved 421888K

Heap Regions: E=young(eden), S=young(survivor), O=old, HS=humongous(starts), HC=humongous(continues), CS=collection set, F=free, OA=open archive, CA=closed archive, TAMS=top-at-mark-start (previous, next)
|   0|0x0000000080000000, 0x0000000080100000, 0x0000000080100000|100%|HS|  |TAMS 0x0000000080000000, 0x0000000080000000| Complete 
|   1|0x0000000080100000, 0x0000000080200000, 0x0000000080200000|100%|HC|  |TAMS 0x0000000080100000, 0x0000000080100000| Complete 
|   2|0x0000000080200000, 0x0000000080300000, 0x0000000080300000|100%|HC|  |TAMS 0x0000000080200000, 0x0000000080200000| Complete 
|   3|0x0000000080300000, 0x0000000080400000, 0x0000000080400000|100%|HC|  |TAMS 0x0000000080300000, 0x0000000080300000| Complete 
|   4|0x0000000080400000, 0x0000000080500000, 0x0000000080500000|100%| O|  |TAMS 0x0000000080400000, 0x0000000080400000| Untracked 
|   5|0x0000000080500000, 0x0000000080600000, 0x0000000080600000|100%| O|  |TAMS 0x0000000080500000, 0x0000000080500000| Untracked 
|   6|0x0000000080600000, 0x0000000080700000, 0x0000000080700000|100%| O|  |TAMS 0x0000000080600000, 0x0000000080600000| Untracked 
|   7|0x0000000080700000, 0x0000000080800000, 0x0000000080800000|100%| O|  |TAMS 0x0000000080700000, 0x0000000080700000| Untracked 
|   8|0x0000000080800000, 0x0000000080800000, 0x0000000080900000|  0%| F|  |TAMS 0x0000000080800000, 0x0000000080800000| Untracked 
|   9|0x0000000080900000, 0x0000000080a00000, 0x0000000080a00000|100%| O|  |TAMS 0x0000000080900000, 0x0000000080900000| Untracked 
|  10|0x0000000080a00000, 0x0000000080b00000, 0x0000000080b00000|100%| O|  |TAMS 0x0000000080a00000, 0x0000000080a00000| Untracked 
|  11|0x0000000080b00000, 0x0000000080b61800, 0x0000000080c00000| 38%| O|  |TAMS 0x0000000080b00000, 0x0000000080b00000| Untracked 
|  12|0x0000000080c00000, 0x0000000080c00000, 0x0000000080d00000|  0%| F|  |TAMS 0x0000000080c00000, 0x0000000080c00000| Untracked 
|  13|0x0000000080d00000, 0x0000000080d00000, 0x0000000080e00000|  0%| F|  |TAMS 0x0000000080d00000, 0x0000000080d00000| Untracked 
|  14|0x0000000080e00000, 0x0000000080e00000, 0x0000000080f00000|  0%| F|  |TAMS 0x0000000080e00000, 0x0000000080e00000| Untracked 
|  15|0x0000000080f00000, 0x0000000080f00000, 0x0000000081000000|  0%| F|  |TAMS 0x0000000080f00000, 0x0000000080f00000| Untracked 
|  16|0x0000000081000000, 0x0000000081000000, 0x0000000081100000|  0%| F|  |TAMS 0x0000000081000000, 0x0000000081000000| Untracked 
|  17|0x0000000081100000, 0x0000000081100000, 0x0000000081200000|  0%| F|  |TAMS 0x0000000081100000, 0x0000000081100000| Untracked 
|  18|0x0000000081200000, 0x0000000081200000, 0x0000000081300000|  0%| F|  |TAMS 0x0000000081200000, 0x0000000081200000| Untracked 
|  19|0x0000000081300000, 0x0000000081300000, 0x0000000081400000|  0%| F|  |TAMS 0x0000000081300000, 0x0000000081300000| Untracked 
|  20|0x0000000081400000, 0x0000000081400000, 0x0000000081500000|  0%| F|  |TAMS 0x0000000081400000, 0x0000000081400000| Untracked 
|  21|0x0000000081500000, 0x0000000081500000, 0x0000000081600000|  0%| F|  |TAMS 0x0000000081500000, 0x0000000081500000| Untracked 
|  22|0x0000000081600000, 0x0000000081600000, 0x0000000081700000|  0%| F|  |TAMS 0x0000000081600000, 0x0000000081600000| Untracked 
|  23|0x0000000081700000, 0x0000000081700000, 0x0000000081800000|  0%| F|  |TAMS 0x0000000081700000, 0x0000000081700000| Untracked 
|  24|0x0000000081800000, 0x0000000081800000, 0x0000000081900000|  0%| F|  |TAMS 0x0000000081800000, 0x0000000081800000| Untracked 
|  25|0x0000000081900000, 0x0000000081900000, 0x0000000081a00000|  0%| F|  |TAMS 0x0000000081900000, 0x0000000081900000| Untracked 
|  26|0x0000000081a00000, 0x0000000081a00000, 0x0000000081b00000|  0%| F|  |TAMS 0x0000000081a00000, 0x0000000081a00000| Untracked 
|  27|0x0000000081b00000, 0x0000000081b00000, 0x0000000081c00000|  0%| F|  |TAMS 0x0000000081b00000, 0x0000000081b00000| Untracked 
|  28|0x0000000081c00000, 0x0000000081c00000, 0x0000000081d00000|  0%| F|  |TAMS 0x0000000081c00000, 0x0000000081c00000| Untracked 
|  29|0x0000000081d00000, 0x0000000081d00000, 0x0000000081e00000|  0%| F|  |TAMS 0x0000000081d00000, 0x0000000081d00000| Untracked 
|  30|0x0000000081e00000, 0x0000000081e00000, 0x0000000081f00000|  0%| F|  |TAMS 0x0000000081e00000, 0x0000000081e00000| Untracked 
|  31|0x0000000081f00000, 0x0000000081f00000, 0x0000000082000000|  0%| F|  |TAMS 0x0000000081f00000, 0x0000000081f00000| Untracked 
|  32|0x0000000082000000, 0x0000000082000000, 0x0000000082100000|  0%| F|  |TAMS 0x0000000082000000, 0x0000000082000000| Untracked 
|  33|0x0000000082100000, 0x0000000082100000, 0x0000000082200000|  0%| F|  |TAMS 0x0000000082100000, 0x0000000082100000| Untracked 
|  34|0x0000000082200000, 0x0000000082200000, 0x0000000082300000|  0%| F|  |TAMS 0x0000000082200000, 0x0000000082200000| Untracked 
|  35|0x0000000082300000, 0x0000000082300000, 0x0000000082400000|  0%| F|  |TAMS 0x0000000082300000, 0x0000000082300000| Untracked 
|  36|0x0000000082400000, 0x0000000082400000, 0x0000000082500000|  0%| F|  |TAMS 0x0000000082400000, 0x0000000082400000| Untracked 
|  37|0x0000000082500000, 0x0000000082500000, 0x0000000082600000|  0%| F|  |TAMS 0x0000000082500000, 0x0000000082500000| Untracked 
|  38|0x0000000082600000, 0x0000000082600000, 0x0000000082700000|  0%| F|  |TAMS 0x0000000082600000, 0x0000000082600000| Untracked 
|  39|0x0000000082700000, 0x0000000082700000, 0x0000000082800000|  0%| F|  |TAMS 0x0000000082700000, 0x0000000082700000| Untracked 
|  40|0x0000000082800000, 0x0000000082800000, 0x0000000082900000|  0%| F|  |TAMS 0x0000000082800000, 0x0000000082800000| Untracked 
|  41|0x0000000082900000, 0x0000000082900000, 0x0000000082a00000|  0%| F|  |TAMS 0x0000000082900000, 0x0000000082900000| Untracked 
|  42|0x0000000082a00000, 0x0000000082a00000, 0x0000000082b00000|  0%| F|  |TAMS 0x0000000082a00000, 0x0000000082a00000| Untracked 
|  43|0x0000000082b00000, 0x0000000082b00000, 0x0000000082c00000|  0%| F|  |TAMS 0x0000000082b00000, 0x0000000082b00000| Untracked 
|  44|0x0000000082c00000, 0x0000000082c00000, 0x0000000082d00000|  0%| F|  |TAMS 0x0000000082c00000, 0x0000000082c00000| Untracked 
|  45|0x0000000082d00000, 0x0000000082d00000, 0x0000000082e00000|  0%| F|  |TAMS 0x0000000082d00000, 0x0000000082d00000| Untracked 
|  46|0x0000000082e00000, 0x0000000082e00000, 0x0000000082f00000|  0%| F|  |TAMS 0x0000000082e00000, 0x0000000082e00000| Untracked 
|  47|0x0000000082f00000, 0x0000000082f00000, 0x0000000083000000|  0%| F|  |TAMS 0x0000000082f00000, 0x0000000082f00000| Untracked 
|  48|0x0000000083000000, 0x0000000083000000, 0x0000000083100000|  0%| F|  |TAMS 0x0000000083000000, 0x0000000083000000| Untracked 
|  49|0x0000000083100000, 0x0000000083100000, 0x0000000083200000|  0%| F|  |TAMS 0x0000000083100000, 0x0000000083100000| Untracked 
|  50|0x0000000083200000, 0x0000000083200000, 0x0000000083300000|  0%| F|  |TAMS 0x0000000083200000, 0x0000000083200000| Untracked 
|  51|0x0000000083300000, 0x0000000083300000, 0x0000000083400000|  0%| F|  |TAMS 0x0000000083300000, 0x0000000083300000| Untracked 
|  52|0x0000000083400000, 0x0000000083400000, 0x0000000083500000|  0%| F|  |TAMS 0x0000000083400000, 0x0000000083400000| Untracked 
|  53|0x0000000083500000, 0x0000000083500000, 0x0000000083600000|  0%| F|  |TAMS 0x0000000083500000, 0x0000000083500000| Untracked 
|  54|0x0000000083600000, 0x0000000083600000, 0x0000000083700000|  0%| F|  |TAMS 0x0000000083600000, 0x0000000083600000| Untracked 
|  55|0x0000000083700000, 0x0000000083700000, 0x0000000083800000|  0%| F|  |TAMS 0x0000000083700000, 0x0000000083700000| Untracked 
|  56|0x0000000083800000, 0x0000000083800000, 0x0000000083900000|  0%| F|  |TAMS 0x0000000083800000, 0x0000000083800000| Untracked 
|  57|0x0000000083900000, 0x0000000083900000, 0x0000000083a00000|  0%| F|  |TAMS 0x0000000083900000, 0x0000000083900000| Untracked 
|  58|0x0000000083a00000, 0x0000000083a00000, 0x0000000083b00000|  0%| F|  |TAMS 0x0000000083a00000, 0x0000000083a00000| Untracked 
|  59|0x0000000083b00000, 0x0000000083b00000, 0x0000000083c00000|  0%| F|  |TAMS 0x0000000083b00000, 0x0000000083b00000| Untracked 
|  60|0x0000000083c00000, 0x0000000083c00000, 0x0000000083d00000|  0%| F|  |TAMS 0x0000000083c00000, 0x0000000083c00000| Untracked 
|  61|0x0000000083d00000, 0x0000000083d00000, 0x0000000083e00000|  0%| F|  |TAMS 0x0000000083d00000, 0x0000000083d00000| Untracked 
|  62|0x0000000083e00000, 0x0000000083e00000, 0x0000000083f00000|  0%| F|  |TAMS 0x0000000083e00000, 0x0000000083e00000| Untracked 
|  63|0x0000000083f00000, 0x0000000083f00000, 0x0000000084000000|  0%| F|  |TAMS 0x0000000083f00000, 0x0000000083f00000| Untracked 
|  64|0x0000000084000000, 0x0000000084000000, 0x0000000084100000|  0%| F|  |TAMS 0x0000000084000000, 0x0000000084000000| Untracked 
|  65|0x0000000084100000, 0x0000000084100000, 0x0000000084200000|  0%| F|  |TAMS 0x0000000084100000, 0x0000000084100000| Untracked 
|  66|0x0000000084200000, 0x0000000084200000, 0x0000000084300000|  0%| F|  |TAMS 0x0000000084200000, 0x0000000084200000| Untracked 
|  67|0x0000000084300000, 0x0000000084300000, 0x0000000084400000|  0%| F|  |TAMS 0x0000000084300000, 0x0000000084300000| Untracked 
|  68|0x0000000084400000, 0x0000000084400000, 0x0000000084500000|  0%| F|  |TAMS 0x0000000084400000, 0x0000000084400000| Untracked 
|  69|0x0000000084500000, 0x0000000084500000, 0x0000000084600000|  0%| F|  |TAMS 0x0000000084500000, 0x0000000084500000| Untracked 
|  70|0x0000000084600000, 0x0000000084600000, 0x0000000084700000|  0%| F|  |TAMS 0x0000000084600000, 0x0000000084600000| Untracked 
|  71|0x0000000084700000, 0x0000000084700000, 0x0000000084800000|  0%| F|  |TAMS 0x0000000084700000, 0x0000000084700000| Untracked 
|  72|0x0000000084800000, 0x0000000084800000, 0x0000000084900000|  0%| F|  |TAMS 0x0000000084800000, 0x0000000084800000| Untracked 
|  73|0x0000000084900000, 0x0000000084900000, 0x0000000084a00000|  0%| F|  |TAMS 0x0000000084900000, 0x0000000084900000| Untracked 
|  74|0x0000000084a00000, 0x0000000084a00000, 0x0000000084b00000|  0%| F|  |TAMS 0x0000000084a00000, 0x0000000084a00000| Untracked 
|  75|0x0000000084b00000, 0x0000000084b00000, 0x0000000084c00000|  0%| F|  |TAMS 0x0000000084b00000, 0x0000000084b00000| Untracked 
|  76|0x0000000084c00000, 0x0000000084c00000, 0x0000000084d00000|  0%| F|  |TAMS 0x0000000084c00000, 0x0000000084c00000| Untracked 
|  77|0x0000000084d00000, 0x0000000084d00000, 0x0000000084e00000|  0%| F|  |TAMS 0x0000000084d00000, 0x0000000084d00000| Untracked 
|  78|0x0000000084e00000, 0x0000000084e00000, 0x0000000084f00000|  0%| F|  |TAMS 0x0000000084e00000, 0x0000000084e00000| Untracked 
|  79|0x0000000084f00000, 0x0000000084f00000, 0x0000000085000000|  0%| F|  |TAMS 0x0000000084f00000, 0x0000000084f00000| Untracked 
|  80|0x0000000085000000, 0x0000000085000000, 0x0000000085100000|  0%| F|  |TAMS 0x0000000085000000, 0x0000000085000000| Untracked 
|  81|0x0000000085100000, 0x0000000085100000, 0x0000000085200000|  0%| F|  |TAMS 0x0000000085100000, 0x0000000085100000| Untracked 
|  82|0x0000000085200000, 0x0000000085200000, 0x0000000085300000|  0%| F|  |TAMS 0x0000000085200000, 0x0000000085200000| Untracked 
|  83|0x0000000085300000, 0x0000000085300000, 0x0000000085400000|  0%| F|  |TAMS 0x0000000085300000, 0x0000000085300000| Untracked 
|  84|0x0000000085400000, 0x0000000085400000, 0x0000000085500000|  0%| F|  |TAMS 0x0000000085400000, 0x0000000085400000| Untracked 
|  85|0x0000000085500000, 0x0000000085500000, 0x0000000085600000|  0%| F|  |TAMS 0x0000000085500000, 0x0000000085500000| Untracked 
|  86|0x0000000085600000, 0x0000000085600000, 0x0000000085700000|  0%| F|  |TAMS 0x0000000085600000, 0x0000000085600000| Untracked 
|  87|0x0000000085700000, 0x0000000085700000, 0x0000000085800000|  0%| F|  |TAMS 0x0000000085700000, 0x0000000085700000| Untracked 
|  88|0x0000000085800000, 0x0000000085800000, 0x0000000085900000|  0%| F|  |TAMS 0x0000000085800000, 0x0000000085800000| Untracked 
|  89|0x0000000085900000, 0x0000000085900000, 0x0000000085a00000|  0%| F|  |TAMS 0x0000000085900000, 0x0000000085900000| Untracked 
|  90|0x0000000085a00000, 0x0000000085a00000, 0x0000000085b00000|  0%| F|  |TAMS 0x0000000085a00000, 0x0000000085a00000| Untracked 
|  91|0x0000000085b00000, 0x0000000085b00000, 0x0000000085c00000|  0%| F|  |TAMS 0x0000000085b00000, 0x0000000085b00000| Untracked 
|  92|0x0000000085c00000, 0x0000000085c00000, 0x0000000085d00000|  0%| F|  |TAMS 0x0000000085c00000, 0x0000000085c00000| Untracked 
|  93|0x0000000085d00000, 0x0000000085d00000, 0x0000000085e00000|  0%| F|  |TAMS 0x0000000085d00000, 0x0000000085d00000| Untracked 
|  94|0x0000000085e00000, 0x0000000085e00000, 0x0000000085f00000|  0%| F|  |TAMS 0x0000000085e00000, 0x0000000085e00000| Untracked 
|  95|0x0000000085f00000, 0x0000000085f00000, 0x0000000086000000|  0%| F|  |TAMS 0x0000000085f00000, 0x0000000085f00000| Untracked 
|  96|0x0000000086000000, 0x0000000086000000, 0x0000000086100000|  0%| F|  |TAMS 0x0000000086000000, 0x0000000086000000| Untracked 
|  97|0x0000000086100000, 0x0000000086100000, 0x0000000086200000|  0%| F|  |TAMS 0x0000000086100000, 0x0000000086100000| Untracked 
|  98|0x0000000086200000, 0x0000000086200000, 0x0000000086300000|  0%| F|  |TAMS 0x0000000086200000, 0x0000000086200000| Untracked 
|  99|0x0000000086300000, 0x0000000086300000, 0x0000000086400000|  0%| F|  |TAMS 0x0000000086300000, 0x0000000086300000| Untracked 
| 100|0x0000000086400000, 0x0000000086400000, 0x0000000086500000|  0%| F|  |TAMS 0x0000000086400000, 0x0000000086400000| Untracked 
| 101|0x0000000086500000, 0x0000000086500000, 0x0000000086600000|  0%| F|  |TAMS 0x0000000086500000, 0x0000000086500000| Untracked 
| 102|0x0000000086600000, 0x0000000086600000, 0x0000000086700000|  0%| F|  |TAMS 0x0000000086600000, 0x0000000086600000| Untracked 
| 103|0x0000000086700000, 0x0000000086700000, 0x0000000086800000|  0%| F|  |TAMS 0x0000000086700000, 0x0000000086700000| Untracked 
| 104|0x0000000086800000, 0x0000000086800000, 0x0000000086900000|  0%| F|  |TAMS 0x0000000086800000, 0x0000000086800000| Untracked 
| 105|0x0000000086900000, 0x0000000086900000, 0x0000000086a00000|  0%| F|  |TAMS 0x0000000086900000, 0x0000000086900000| Untracked 
| 106|0x0000000086a00000, 0x0000000086a00000, 0x0000000086b00000|  0%| F|  |TAMS 0x0000000086a00000, 0x0000000086a00000| Untracked 
| 107|0x0000000086b00000, 0x0000000086b00000, 0x0000000086c00000|  0%| F|  |TAMS 0x0000000086b00000, 0x0000000086b00000| Untracked 
| 108|0x0000000086c00000, 0x0000000086c00000, 0x0000000086d00000|  0%| F|  |TAMS 0x0000000086c00000, 0x0000000086c00000| Untracked 
| 109|0x0000000086d00000, 0x0000000086d00000, 0x0000000086e00000|  0%| F|  |TAMS 0x0000000086d00000, 0x0000000086d00000| Untracked 
| 110|0x0000000086e00000, 0x0000000086e80800, 0x0000000086f00000| 50%| E|  |TAMS 0x0000000086e00000, 0x0000000086e00000| Complete 
| 111|0x0000000086f00000, 0x0000000087000000, 0x0000000087000000|100%| E|CS|TAMS 0x0000000086f00000, 0x0000000086f00000| Complete 
| 112|0x0000000087000000, 0x0000000087100000, 0x0000000087100000|100%| E|CS|TAMS 0x0000000087000000, 0x0000000087000000| Complete 
| 113|0x0000000087100000, 0x0000000087200000, 0x0000000087200000|100%| E|CS|TAMS 0x0000000087100000, 0x0000000087100000| Complete 
| 114|0x0000000087200000, 0x0000000087300000, 0x0000000087300000|100%| E|CS|TAMS 0x0000000087200000, 0x0000000087200000| Complete 
| 115|0x0000000087300000, 0x0000000087400000, 0x0000000087400000|100%| E|CS|TAMS 0x0000000087300000, 0x0000000087300000| Complete 
| 116|0x0000000087400000, 0x0000000087500000, 0x0000000087500000|100%| E|CS|TAMS 0x0000000087400000, 0x0000000087400000| Complete 
| 117|0x0000000087500000, 0x0000000087600000, 0x0000000087600000|100%| E|CS|TAMS 0x0000000087500000, 0x0000000087500000| Complete 
| 118|0x0000000087600000, 0x0000000087700000, 0x0000000087700000|100%| E|CS|TAMS 0x0000000087600000, 0x0000000087600000| Complete 
| 119|0x0000000087700000, 0x0000000087800000, 0x0000000087800000|100%| E|CS|TAMS 0x0000000087700000, 0x0000000087700000| Complete 
| 120|0x0000000087800000, 0x0000000087900000, 0x0000000087900000|100%| E|CS|TAMS 0x0000000087800000, 0x0000000087800000| Complete 
| 121|0x0000000087900000, 0x0000000087a00000, 0x0000000087a00000|100%| E|CS|TAMS 0x0000000087900000, 0x0000000087900000| Complete 
| 122|0x0000000087a00000, 0x0000000087b00000, 0x0000000087b00000|100%| E|CS|TAMS 0x0000000087a00000, 0x0000000087a00000| Complete 
| 123|0x0000000087b00000, 0x0000000087c00000, 0x0000000087c00000|100%| E|CS|TAMS 0x0000000087b00000, 0x0000000087b00000| Complete 
| 124|0x0000000087c00000, 0x0000000087d00000, 0x0000000087d00000|100%| E|CS|TAMS 0x0000000087c00000, 0x0000000087c00000| Complete 
| 125|0x0000000087d00000, 0x0000000087e00000, 0x0000000087e00000|100%| E|CS|TAMS 0x0000000087d00000, 0x0000000087d00000| Complete 
| 126|0x0000000087e00000, 0x0000000087f00000, 0x0000000087f00000|100%| E|CS|TAMS 0x0000000087e00000, 0x0000000087e00000| Complete 
| 127|0x0000000087f00000, 0x0000000088000000, 0x0000000088000000|100%| E|CS|TAMS 0x0000000087f00000, 0x0000000087f00000| Complete 
| 128|0x0000000088000000, 0x0000000088100000, 0x0000000088100000|100%| E|CS|TAMS 0x0000000088000000, 0x0000000088000000| Complete 
| 129|0x0000000088100000, 0x0000000088200000, 0x0000000088200000|100%| E|CS|TAMS 0x0000000088100000, 0x0000000088100000| Complete 
| 130|0x0000000088200000, 0x0000000088300000, 0x0000000088300000|100%| E|CS|TAMS 0x0000000088200000, 0x0000000088200000| Complete 
| 131|0x0000000088300000, 0x0000000088400000, 0x0000000088400000|100%| E|CS|TAMS 0x0000000088300000, 0x0000000088300000| Complete 
| 132|0x0000000088400000, 0x0000000088500000, 0x0000000088500000|100%| E|CS|TAMS 0x0000000088400000, 0x0000000088400000| Complete 
| 133|0x0000000088500000, 0x0000000088600000, 0x0000000088600000|100%| E|CS|TAMS 0x0000000088500000, 0x0000000088500000| Complete 
| 134|0x0000000088600000, 0x0000000088700000, 0x0000000088700000|100%| E|CS|TAMS 0x0000000088600000, 0x0000000088600000| Complete 
| 135|0x0000000088700000, 0x0000000088800000, 0x0000000088800000|100%| E|CS|TAMS 0x0000000088700000, 0x0000000088700000| Complete 
| 136|0x0000000088800000, 0x0000000088900000, 0x0000000088900000|100%| E|CS|TAMS 0x0000000088800000, 0x0000000088800000| Complete 
| 137|0x0000000088900000, 0x0000000088a00000, 0x0000000088a00000|100%| E|CS|TAMS 0x0000000088900000, 0x0000000088900000| Complete 
| 138|0x0000000088a00000, 0x0000000088b00000, 0x0000000088b00000|100%| E|CS|TAMS 0x0000000088a00000, 0x0000000088a00000| Complete 
| 139|0x0000000088b00000, 0x0000000088c00000, 0x0000000088c00000|100%| E|CS|TAMS 0x0000000088b00000, 0x0000000088b00000| Complete 
| 140|0x0000000088c00000, 0x0000000088d00000, 0x0000000088d00000|100%| E|CS|TAMS 0x0000000088c00000, 0x0000000088c00000| Complete 
| 141|0x0000000088d00000, 0x0000000088e00000, 0x0000000088e00000|100%| E|CS|TAMS 0x0000000088d00000, 0x0000000088d00000| Complete 
| 142|0x0000000088e00000, 0x0000000088f00000, 0x0000000088f00000|100%| E|CS|TAMS 0x0000000088e00000, 0x0000000088e00000| Complete 
| 143|0x0000000088f00000, 0x0000000089000000, 0x0000000089000000|100%| E|CS|TAMS 0x0000000088f00000, 0x0000000088f00000| Complete 
| 144|0x0000000089000000, 0x0000000089100000, 0x0000000089100000|100%| E|CS|TAMS 0x0000000089000000, 0x0000000089000000| Complete 
| 145|0x0000000089100000, 0x0000000089200000, 0x0000000089200000|100%| E|CS|TAMS 0x0000000089100000, 0x0000000089100000| Complete 
| 146|0x0000000089200000, 0x0000000089300000, 0x0000000089300000|100%| E|CS|TAMS 0x0000000089200000, 0x0000000089200000| Complete 
| 147|0x0000000089300000, 0x0000000089400000, 0x0000000089400000|100%| E|CS|TAMS 0x0000000089300000, 0x0000000089300000| Complete 
| 148|0x0000000089400000, 0x0000000089500000, 0x0000000089500000|100%| E|CS|TAMS 0x0000000089400000, 0x0000000089400000| Complete 
| 149|0x0000000089500000, 0x0000000089600000, 0x0000000089600000|100%| E|CS|TAMS 0x0000000089500000, 0x0000000089500000| Complete 
| 150|0x0000000089600000, 0x0000000089700000, 0x0000000089700000|100%| E|CS|TAMS 0x0000000089600000, 0x0000000089600000| Complete 
| 151|0x0000000089700000, 0x0000000089800000, 0x0000000089800000|100%| E|CS|TAMS 0x0000000089700000, 0x0000000089700000| Complete 
| 152|0x0000000089800000, 0x0000000089900000, 0x0000000089900000|100%| E|CS|TAMS 0x0000000089800000, 0x0000000089800000| Complete 
| 153|0x0000000089900000, 0x0000000089a00000, 0x0000000089a00000|100%| E|CS|TAMS 0x0000000089900000, 0x0000000089900000| Complete 
| 154|0x0000000089a00000, 0x0000000089af6758, 0x0000000089b00000| 96%| S|CS|TAMS 0x0000000089a00000, 0x0000000089a00000| Complete 
| 155|0x0000000089b00000, 0x0000000089c00000, 0x0000000089c00000|100%| S|CS|TAMS 0x0000000089b00000, 0x0000000089b00000| Complete 
| 156|0x0000000089c00000, 0x0000000089d00000, 0x0000000089d00000|100%| S|CS|TAMS 0x0000000089c00000, 0x0000000089c00000| Complete 
| 157|0x0000000089d00000, 0x0000000089e00000, 0x0000000089e00000|100%| S|CS|TAMS 0x0000000089d00000, 0x0000000089d00000| Complete 
| 158|0x0000000089e00000, 0x0000000089f00000, 0x0000000089f00000|100%| E|CS|TAMS 0x0000000089e00000, 0x0000000089e00000| Complete 
| 159|0x0000000089f00000, 0x000000008a000000, 0x000000008a000000|100%| E|CS|TAMS 0x0000000089f00000, 0x0000000089f00000| Complete 
| 160|0x000000008a000000, 0x000000008a100000, 0x000000008a100000|100%| E|CS|TAMS 0x000000008a000000, 0x000000008a000000| Complete 
| 161|0x000000008a100000, 0x000000008a200000, 0x000000008a200000|100%| E|CS|TAMS 0x000000008a100000, 0x000000008a100000| Complete 
| 162|0x000000008a200000, 0x000000008a300000, 0x000000008a300000|100%| E|CS|TAMS 0x000000008a200000, 0x000000008a200000| Complete 
| 163|0x000000008a300000, 0x000000008a400000, 0x000000008a400000|100%| E|CS|TAMS 0x000000008a300000, 0x000000008a300000| Complete 
| 164|0x000000008a400000, 0x000000008a500000, 0x000000008a500000|100%| E|CS|TAMS 0x000000008a400000, 0x000000008a400000| Complete 
| 165|0x000000008a500000, 0x000000008a600000, 0x000000008a600000|100%| E|CS|TAMS 0x000000008a500000, 0x000000008a500000| Complete 
| 166|0x000000008a600000, 0x000000008a700000, 0x000000008a700000|100%| E|CS|TAMS 0x000000008a600000, 0x000000008a600000| Complete 
| 167|0x000000008a700000, 0x000000008a800000, 0x000000008a800000|100%| E|CS|TAMS 0x000000008a700000, 0x000000008a700000| Complete 
| 168|0x000000008a800000, 0x000000008a900000, 0x000000008a900000|100%| E|CS|TAMS 0x000000008a800000, 0x000000008a800000| Complete 
| 169|0x000000008a900000, 0x000000008aa00000, 0x000000008aa00000|100%| E|CS|TAMS 0x000000008a900000, 0x000000008a900000| Complete 
| 170|0x000000008aa00000, 0x000000008ab00000, 0x000000008ab00000|100%| E|CS|TAMS 0x000000008aa00000, 0x000000008aa00000| Complete 
| 171|0x000000008ab00000, 0x000000008ac00000, 0x000000008ac00000|100%| E|CS|TAMS 0x000000008ab00000, 0x000000008ab00000| Complete 
| 172|0x000000008ac00000, 0x000000008ad00000, 0x000000008ad00000|100%| E|CS|TAMS 0x000000008ac00000, 0x000000008ac00000| Complete 
| 173|0x000000008ad00000, 0x000000008ae00000, 0x000000008ae00000|100%| E|CS|TAMS 0x000000008ad00000, 0x000000008ad00000| Complete 
| 174|0x000000008ae00000, 0x000000008af00000, 0x000000008af00000|100%| E|CS|TAMS 0x000000008ae00000, 0x000000008ae00000| Complete 
| 175|0x000000008af00000, 0x000000008b000000, 0x000000008b000000|100%| E|CS|TAMS 0x000000008af00000, 0x000000008af00000| Complete 
| 176|0x000000008b000000, 0x000000008b100000, 0x000000008b100000|100%| E|CS|TAMS 0x000000008b000000, 0x000000008b000000| Complete 
| 177|0x000000008b100000, 0x000000008b200000, 0x000000008b200000|100%| E|CS|TAMS 0x000000008b100000, 0x000000008b100000| Complete 
| 178|0x000000008b200000, 0x000000008b300000, 0x000000008b300000|100%| E|CS|TAMS 0x000000008b200000, 0x000000008b200000| Complete 
| 179|0x000000008b300000, 0x000000008b400000, 0x000000008b400000|100%| E|CS|TAMS 0x000000008b300000, 0x000000008b300000| Complete 
| 180|0x000000008b400000, 0x000000008b500000, 0x000000008b500000|100%| E|CS|TAMS 0x000000008b400000, 0x000000008b400000| Complete 
| 181|0x000000008b500000, 0x000000008b600000, 0x000000008b600000|100%| E|CS|TAMS 0x000000008b500000, 0x000000008b500000| Complete 
| 182|0x000000008b600000, 0x000000008b700000, 0x000000008b700000|100%| E|CS|TAMS 0x000000008b600000, 0x000000008b600000| Complete 
| 183|0x000000008b700000, 0x000000008b800000, 0x000000008b800000|100%| E|CS|TAMS 0x000000008b700000, 0x000000008b700000| Complete 
| 184|0x000000008b800000, 0x000000008b900000, 0x000000008b900000|100%| E|CS|TAMS 0x000000008b800000, 0x000000008b800000| Complete 
| 185|0x000000008b900000, 0x000000008ba00000, 0x000000008ba00000|100%| E|CS|TAMS 0x000000008b900000, 0x000000008b900000| Complete 
| 186|0x000000008ba00000, 0x000000008bb00000, 0x000000008bb00000|100%| E|CS|TAMS 0x000000008ba00000, 0x000000008ba00000| Complete 
| 187|0x000000008bb00000, 0x000000008bc00000, 0x000000008bc00000|100%| E|CS|TAMS 0x000000008bb00000, 0x000000008bb00000| Complete 
| 188|0x000000008bc00000, 0x000000008bd00000, 0x000000008bd00000|100%| E|CS|TAMS 0x000000008bc00000, 0x000000008bc00000| Complete 
| 189|0x000000008bd00000, 0x000000008be00000, 0x000000008be00000|100%| E|CS|TAMS 0x000000008bd00000, 0x000000008bd00000| Complete 

Card table byte_map: [0x00000281de550000,0x00000281de950000] _byte_map_base: 0x00000281de150000

Marking Bits (Prev, Next): (CMBitMap*) 0x00000281c75ee300, (CMBitMap*) 0x00000281c75ee340
 Prev Bits: [0x00000281ded50000, 0x00000281e0d50000)
 Next Bits: [0x00000281e0d50000, 0x00000281e2d50000)

Polling page: 0x00000281c5520000

Metaspace:

Usage:
  Non-class:     14.81 MB used.
      Class:      2.56 MB used.
       Both:     17.37 MB used.

Virtual space:
  Non-class space:       16.00 MB reserved,      15.00 MB ( 94%) committed,  2 nodes.
      Class space:      412.00 MB reserved,       2.75 MB ( <1%) committed,  1 nodes.
             Both:      428.00 MB reserved,      17.75 MB (  4%) committed. 

Chunk freelists:
   Non-Class:  496.00 KB
       Class:  1.30 MB
        Both:  1.78 MB

MaxMetaspaceSize: 512.00 MB
CompressedClassSpaceSize: 412.00 MB
Initial GC threshold: 21.00 MB
Current GC threshold: 21.00 MB
CDS: on
MetaspaceReclaimPolicy: balanced
 - commit_granule_bytes: 65536.
 - commit_granule_words: 8192.
 - virtual_space_node_default_size: 1048576.
 - enlarge_chunks_in_place: 1.
 - new_chunks_are_fully_committed: 0.
 - uncommit_free_chunks: 1.
 - use_allocation_guard: 0.
 - handle_deallocations: 1.


Internal statistics:

num_allocs_failed_limit: 0.
num_arena_births: 228.
num_arena_deaths: 0.
num_vsnodes_births: 3.
num_vsnodes_deaths: 0.
num_space_committed: 284.
num_space_uncommitted: 0.
num_chunks_returned_to_freelist: 0.
num_chunks_taken_from_freelist: 827.
num_chunk_merges: 0.
num_chunk_splits: 558.
num_chunks_enlarged: 406.
num_purges: 0.
num_inconsistent_stats: 0.

CodeHeap 'non-profiled nmethods': size=120000Kb used=1143Kb max_used=1143Kb free=118856Kb
 bounds [0x00000281d68f0000, 0x00000281d6b60000, 0x00000281dde20000]
CodeHeap 'profiled nmethods': size=120000Kb used=4994Kb max_used=4994Kb free=115005Kb
 bounds [0x00000281cee20000, 0x00000281cf310000, 0x00000281d6350000]
CodeHeap 'non-nmethods': size=5760Kb used=1229Kb max_used=1277Kb free=4530Kb
 bounds [0x00000281d6350000, 0x00000281d65c0000, 0x00000281d68f0000]
 total_blobs=2940 nmethods=2412 adapters=440
 compilation: enabled
              stopped_count=0, restarted_count=0
 full_count=0

Compilation events (20 events):
Event: 8.975 Thread 0x00000281e57a7be0 2409       3       com.google.common.collect.RegularImmutableMap::makeImmutable (44 bytes)
Event: 8.975 Thread 0x00000281e57a7be0 nmethod 2409 0x00000281cf2f7610 code [0x00000281cf2f7820, 0x00000281cf2f80b8]
Event: 8.975 Thread 0x00000281e57a7be0 2410       1       com.google.common.collect.ImmutableMapEntry::getNextInKeyBucket (2 bytes)
Event: 8.975 Thread 0x00000281e57a7be0 nmethod 2410 0x00000281d6a0d890 code [0x00000281d6a0da20, 0x00000281d6a0daf8]
Event: 8.975 Thread 0x00000281e57a7be0 2401       3       com.google.common.base.Splitter$1::iterator (7 bytes)
Event: 8.976 Thread 0x00000281e57a7be0 nmethod 2401 0x00000281cf2f8290 code [0x00000281cf2f8420, 0x00000281cf2f8568]
Event: 8.976 Thread 0x00000281e57a7be0 2406       3       com.google.common.base.AbstractIterator::<init> (12 bytes)
Event: 8.976 Thread 0x00000281e57a7be0 nmethod 2406 0x00000281cf2f8610 code [0x00000281cf2f87c0, 0x00000281cf2f8998]
Event: 8.976 Thread 0x00000281e57a7be0 2411       1       com.google.common.collect.ImmutableMapEntry$NonTerminalImmutableMapEntry::getNextInKeyBucket (5 bytes)
Event: 8.976 Thread 0x00000281e57a7be0 nmethod 2411 0x00000281d6a0db90 code [0x00000281d6a0dd20, 0x00000281d6a0ddf8]
Event: 8.988 Thread 0x00000281e57a7be0 2412   !   3       org.gradle.internal.event.DefaultListenerManager$EventBroadcast::maybeAdd (103 bytes)
Event: 8.989 Thread 0x00000281e57a7be0 nmethod 2412 0x00000281cf2f8a90 code [0x00000281cf2f8d20, 0x00000281cf2f9a08]
Event: 8.989 Thread 0x00000281e57a7be0 2413       3       java.util.concurrent.locks.AbstractQueuedSynchronizer::<init> (5 bytes)
Event: 8.989 Thread 0x00000281e57a7be0 nmethod 2413 0x00000281cf2f9f90 code [0x00000281cf2fa140, 0x00000281cf2fa2f8]
Event: 8.989 Thread 0x00000281e57a7be0 2414       3       java.util.concurrent.locks.AbstractOwnableSynchronizer::<init> (5 bytes)
Event: 8.989 Thread 0x00000281e57a7be0 nmethod 2414 0x00000281cf2fa410 code [0x00000281cf2fa5a0, 0x00000281cf2fa6f8]
Event: 8.997 Thread 0x00000281e57a7be0 2415       3       org.gradle.internal.service.DefaultServiceRegistry$OwnServices::instanceRealized (209 bytes)
Event: 9.001 Thread 0x00000281e57a7be0 nmethod 2415 0x00000281cf2fa790 code [0x00000281cf2facc0, 0x00000281cf2fdaf8]
Event: 9.002 Thread 0x00000281e57a7be0 2416       3       java.lang.ref.WeakReference::<init> (6 bytes)
Event: 9.002 Thread 0x00000281e57a7be0 nmethod 2416 0x00000281cf2fea10 code [0x00000281cf2febc0, 0x00000281cf2feed8]

GC Heap History (4 events):
Event: 2.116 GC heap before
{Heap before GC invocations=0 (full 0):
 garbage-first heap   total 194560K, used 26624K [0x0000000080000000, 0x0000000100000000)
  region size 1024K, 23 young (23552K), 0 survivors (0K)
 Metaspace       used 3027K, committed 3200K, reserved 430080K
  class space    used 380K, committed 448K, reserved 421888K
}
Event: 2.124 GC heap after
{Heap after GC invocations=1 (full 0):
 garbage-first heap   total 194560K, used 10480K [0x0000000080000000, 0x0000000100000000)
  region size 1024K, 3 young (3072K), 3 survivors (3072K)
 Metaspace       used 3027K, committed 3200K, reserved 430080K
  class space    used 380K, committed 448K, reserved 421888K
}
Event: 3.635 GC heap before
{Heap before GC invocations=1 (full 0):
 garbage-first heap   total 194560K, used 40176K [0x0000000080000000, 0x0000000100000000)
  region size 1024K, 32 young (32768K), 3 survivors (3072K)
 Metaspace       used 3947K, committed 4096K, reserved 430080K
  class space    used 477K, committed 576K, reserved 421888K
}
Event: 3.641 GC heap after
{Heap after GC invocations=2 (full 0):
 garbage-first heap   total 194560K, used 14687K [0x0000000080000000, 0x0000000100000000)
  region size 1024K, 4 young (4096K), 4 survivors (4096K)
 Metaspace       used 3947K, committed 4096K, reserved 430080K
  class space    used 477K, committed 576K, reserved 421888K
}

Deoptimization events (20 events):
Event: 7.290 Thread 0x00000281e620d8b0 Uncommon trap: trap_request=0xffffff45 fr.pc=0x00000281d69064d8 relative=0x00000000000003f8
Event: 7.290 Thread 0x00000281e620d8b0 Uncommon trap: reason=unstable_if action=reinterpret pc=0x00000281d69064d8 method=java.util.regex.Matcher.match(II)Z @ 76 c2
Event: 7.290 Thread 0x00000281e620d8b0 DEOPT PACKING pc=0x00000281d69064d8 sp=0x000000d0777fae70
Event: 7.290 Thread 0x00000281e620d8b0 DEOPT UNPACKING pc=0x00000281d63a5ba3 sp=0x000000d0777fae40 mode 2
Event: 7.294 Thread 0x00000281e620d8b0 Uncommon trap: trap_request=0xffffff45 fr.pc=0x00000281d6905cb8 relative=0x0000000000000198
Event: 7.294 Thread 0x00000281e620d8b0 Uncommon trap: reason=unstable_if action=reinterpret pc=0x00000281d6905cb8 method=java.util.regex.Matcher.reset()Ljava/util/regex/Matcher; @ 47 c2
Event: 7.294 Thread 0x00000281e620d8b0 DEOPT PACKING pc=0x00000281d6905cb8 sp=0x000000d0777fad40
Event: 7.294 Thread 0x00000281e620d8b0 DEOPT UNPACKING pc=0x00000281d63a5ba3 sp=0x000000d0777facd0 mode 2
Event: 7.347 Thread 0x00000281e620d8b0 Uncommon trap: trap_request=0xffffff45 fr.pc=0x00000281d6993be4 relative=0x0000000000000744
Event: 7.347 Thread 0x00000281e620d8b0 Uncommon trap: reason=unstable_if action=reinterpret pc=0x00000281d6993be4 method=java.util.ArrayList.grow(I)[Ljava/lang/Object; @ 17 c2
Event: 7.347 Thread 0x00000281e620d8b0 DEOPT PACKING pc=0x00000281d6993be4 sp=0x000000d0777fce70
Event: 7.347 Thread 0x00000281e620d8b0 DEOPT UNPACKING pc=0x00000281d63a5ba3 sp=0x000000d0777fcd08 mode 2
Event: 7.414 Thread 0x00000281e620d8b0 Uncommon trap: trap_request=0xffffff45 fr.pc=0x00000281d690a598 relative=0x0000000000000b98
Event: 7.414 Thread 0x00000281e620d8b0 Uncommon trap: reason=unstable_if action=reinterpret pc=0x00000281d690a598 method=java.io.WinNTFileSystem.resolve(Ljava/lang/String;Ljava/lang/String;)Ljava/lang/String; @ 19 c2
Event: 7.414 Thread 0x00000281e620d8b0 DEOPT PACKING pc=0x00000281d690a598 sp=0x000000d0777fcd80
Event: 7.414 Thread 0x00000281e620d8b0 DEOPT UNPACKING pc=0x00000281d63a5ba3 sp=0x000000d0777fcd28 mode 2
Event: 8.800 Thread 0x00000281e620d8b0 Uncommon trap: trap_request=0xffffff45 fr.pc=0x00000281d6912a78 relative=0x00000000000000d8
Event: 8.800 Thread 0x00000281e620d8b0 Uncommon trap: reason=unstable_if action=reinterpret pc=0x00000281d6912a78 method=java.util.HashMap.hash(Ljava/lang/Object;)I @ 1 c2
Event: 8.800 Thread 0x00000281e620d8b0 DEOPT PACKING pc=0x00000281d6912a78 sp=0x000000d0777f9dc0
Event: 8.800 Thread 0x00000281e620d8b0 DEOPT UNPACKING pc=0x00000281d63a5ba3 sp=0x000000d0777f9d00 mode 2

Classes unloaded (0 events):
No events

Classes redefined (0 events):
No events

Internal exceptions (20 events):
Event: 7.014 Thread 0x00000281e620d8b0 Exception <a 'java/lang/NoSuchMethodError'{0x00000000894416a8}: 'java.lang.Object java.lang.invoke.DirectMethodHandle$Holder.invokeSpecial(java.lang.Object, java.lang.Object, java.lang.Object, java.lang.Object, java.lang.Object, java.lang.Object, java.lang.Object, java.lang.Object, java.lang.Object)'> (0x00000000894416a8) 
thrown [s\open\src\hotspot\share\interpreter\linkResolver.cpp, line 759]
Event: 7.180 Thread 0x00000281e620d8b0 Exception <a 'java/lang/NoSuchMethodError'{0x0000000089170d90}: 'void java.lang.invoke.DirectMethodHandle$Holder.invokeStaticInit(java.lang.Object)'> (0x0000000089170d90) 
thrown [s\open\src\hotspot\share\interpreter\linkResolver.cpp, line 759]
Event: 7.210 Thread 0x00000281e620d8b0 Exception <a 'java/lang/NoSuchMethodError'{0x0000000089004868}: 'java.lang.Object java.lang.invoke.DirectMethodHandle$Holder.newInvokeSpecial(java.lang.Object, java.lang.Object, java.lang.Object, int)'> (0x0000000089004868) 
thrown [s\open\src\hotspot\share\interpreter\linkResolver.cpp, line 759]
Event: 7.211 Thread 0x00000281e620d8b0 Exception <a 'java/lang/NoSuchMethodError'{0x0000000089009198}: 'java.lang.Object java.lang.invoke.DirectMethodHandle$Holder.invokeSpecial(java.lang.Object, java.lang.Object, java.lang.Object, java.lang.Object, int)'> (0x0000000089009198) 
thrown [s\open\src\hotspot\share\interpreter\linkResolver.cpp, line 759]
Event: 7.211 Thread 0x00000281e620d8b0 Exception <a 'java/lang/NoSuchMethodError'{0x000000008900d2b0}: 'java.lang.Object java.lang.invoke.Invokers$Holder.linkToTargetMethod(java.lang.Object, java.lang.Object, int, java.lang.Object)'> (0x000000008900d2b0) 
thrown [s\open\src\hotspot\share\interpreter\linkResolver.cpp, line 759]
Event: 7.641 Thread 0x00000281e64a9010 Exception <a 'java/lang/NoSuchMethodError'{0x000000008a4981c8}: static Lorg/gradle/internal/build/event/types/DefaultOperationStartedProgressEvent;.<clinit>()V> (0x000000008a4981c8) 
thrown [s\open\src\hotspot\share\prims\jni.cpp, line 1107]
Event: 7.642 Thread 0x00000281e64a9010 Exception <a 'java/lang/NoSuchMethodError'{0x000000008a499890}: static Lorg/gradle/internal/build/event/types/AbstractProgressEvent;.<clinit>()V> (0x000000008a499890) 
thrown [s\open\src\hotspot\share\prims\jni.cpp, line 1107]
Event: 7.645 Thread 0x00000281e64a9010 Exception <a 'java/lang/NoSuchMethodError'{0x000000008a4a2020}: static Lorg/gradle/internal/build/event/types/DefaultOperationDescriptor;.<clinit>()V> (0x000000008a4a2020) 
thrown [s\open\src\hotspot\share\prims\jni.cpp, line 1107]
Event: 7.649 Thread 0x00000281e64a9010 Exception <a 'java/lang/NoSuchMethodError'{0x000000008a4b6b30}: static Lorg/gradle/internal/operations/OperationIdentifier;.<clinit>()V> (0x000000008a4b6b30) 
thrown [s\open\src\hotspot\share\prims\jni.cpp, line 1107]
Event: 7.917 Thread 0x00000281e620d8b0 Exception <a 'java/lang/NoSuchMethodError'{0x0000000088388338}: 'int java.lang.invoke.DirectMethodHandle$Holder.invokeSpecialIFC(java.lang.Object, java.lang.Object, java.lang.Object, java.lang.Object)'> (0x0000000088388338) 
thrown [s\open\src\hotspot\share\interpreter\linkResolver.cpp, line 759]
Event: 7.921 Thread 0x00000281e620d8b0 Exception <a 'java/lang/NoSuchMethodError'{0x0000000088397310}: 'java.lang.Object java.lang.invoke.DirectMethodHandle$Holder.invokeInterface(java.lang.Object, java.lang.Object, java.lang.Object)'> (0x0000000088397310) 
thrown [s\open\src\hotspot\share\interpreter\linkResolver.cpp, line 759]
Event: 7.921 Thread 0x00000281e620d8b0 Exception <a 'java/lang/IncompatibleClassChangeError'{0x000000008839af28}: Found class java.lang.Object, but interface was expected> (0x000000008839af28) 
thrown [s\open\src\hotspot\share\interpreter\linkResolver.cpp, line 826]
Event: 7.964 Thread 0x00000281e620d8b0 Exception <a 'java/lang/NoSuchMethodError'{0x0000000088270ec8}: 'int java.lang.invoke.DirectMethodHandle$Holder.invokeStatic(java.lang.Object, java.lang.Object, java.lang.Object, java.lang.Object)'> (0x0000000088270ec8) 
thrown [s\open\src\hotspot\share\interpreter\linkResolver.cpp, line 759]
Event: 7.964 Thread 0x00000281e620d8b0 Exception <a 'java/lang/NoSuchMethodError'{0x0000000088274af0}: 'java.lang.Object java.lang.invoke.Invokers$Holder.invokeExact_MT(java.lang.Object, java.lang.Object, java.lang.Object, java.lang.Object, java.lang.Object, java.lang.Object)'> (0x0000000088274af0) 
thrown [s\open\src\hotspot\share\interpreter\linkResolver.cpp, line 759]
Event: 8.400 Thread 0x00000281e620d8b0 Exception <a 'java/lang/NoSuchMethodError'{0x0000000087a9e208}: 'void java.lang.invoke.DirectMethodHandle$Holder.invokeStatic(java.lang.Object, java.lang.Object)'> (0x0000000087a9e208) 
thrown [s\open\src\hotspot\share\interpreter\linkResolver.cpp, line 759]
Event: 8.420 Thread 0x00000281e620d8b0 Exception <a 'java/lang/NoSuchMethodError'{0x0000000087afdef8}: 'java.lang.Object java.lang.invoke.DirectMethodHandle$Holder.invokeVirtual(java.lang.Object, java.lang.Object, java.lang.Object, java.lang.Object)'> (0x0000000087afdef8) 
thrown [s\open\src\hotspot\share\interpreter\linkResolver.cpp, line 759]
Event: 8.517 Thread 0x00000281e620d8b0 Exception <a 'java/lang/NoSuchMethodError'{0x000000008789dc28}: 'java.lang.Object java.lang.invoke.DirectMethodHandle$Holder.newInvokeSpecial(java.lang.Object, java.lang.Object, java.lang.Object, java.lang.Object, java.lang.Object, java.lang.Object, java.lang.Object)'> (0x000000008789dc28) 
thrown [s\open\src\hotspot\share\interpreter\linkResolver.cpp, line 759]
Event: 8.518 Thread 0x00000281e620d8b0 Exception <a 'java/lang/NoSuchMethodError'{0x00000000878a28f8}: 'java.lang.Object java.lang.invoke.Invokers$Holder.linkToTargetMethod(java.lang.Object, java.lang.Object, java.lang.Object, java.lang.Object, java.lang.Object, java.lang.Object, java.lang.Object)'> (0x00000000878a28f8) 
thrown [s\open\src\hotspot\share\interpreter\linkResolver.cpp, line 759]
Event: 8.601 Thread 0x00000281e620d8b0 Exception <a 'java/lang/NoSuchMethodError'{0x00000000877f5980}: 'java.lang.Object java.lang.invoke.DirectMethodHandle$Holder.invokeVirtual(java.lang.Object, java.lang.Object, java.lang.Object, java.lang.Object, java.lang.Object, java.lang.Object, java.lang.Object, java.lang.Object, java.lang.Object, java.lang.Object, java.lang.Object, java.lang.Object, java.lang.Object, java.lang.Object, java.lang.Object, java.lang.Object, java.lang.Object, java.lang.Object, java.lang.Object, java.lang.Object, java.lang.Ob
Event: 8.800 Thread 0x00000281e620d8b0 Implicit null exception at 0x00000281d69129d8 to 0x00000281d6912a6e

VM Operations (20 events):
Event: 4.668 Executing VM operation: Cleanup
Event: 4.668 Executing VM operation: Cleanup done
Event: 4.859 Executing VM operation: HandshakeAllThreads
Event: 4.859 Executing VM operation: HandshakeAllThreads done
Event: 5.015 Executing VM operation: HandshakeAllThreads
Event: 5.015 Executing VM operation: HandshakeAllThreads done
Event: 5.961 Executing VM operation: HandshakeAllThreads
Event: 5.961 Executing VM operation: HandshakeAllThreads done
Event: 5.961 Executing VM operation: Cleanup
Event: 5.961 Executing VM operation: Cleanup done
Event: 6.088 Executing VM operation: HandshakeAllThreads
Event: 6.088 Executing VM operation: HandshakeAllThreads done
Event: 7.092 Executing VM operation: Cleanup
Event: 7.093 Executing VM operation: Cleanup done
Event: 7.493 Executing VM operation: HandshakeAllThreads
Event: 7.494 Executing VM operation: HandshakeAllThreads done
Event: 7.494 Executing VM operation: HandshakeAllThreads
Event: 7.494 Executing VM operation: HandshakeAllThreads done
Event: 8.501 Executing VM operation: Cleanup
Event: 8.503 Executing VM operation: Cleanup done

Events (20 events):
Event: 7.895 loading class java/nio/file/attribute/PosixFilePermissions$1
Event: 7.895 loading class java/nio/file/attribute/PosixFilePermissions$1 done
Event: 7.899 loading class java/util/concurrent/Semaphore
Event: 7.899 loading class java/util/concurrent/Semaphore done
Event: 7.904 loading class java/nio/file/FileVisitOption
Event: 7.913 loading class java/nio/file/FileVisitOption done
Event: 7.922 loading class java/util/stream/ReduceOps$1
Event: 7.922 loading class java/util/stream/ReduceOps$1 done
Event: 7.922 loading class java/util/stream/ReduceOps$1ReducingSink
Event: 7.922 loading class java/util/stream/ReduceOps$1ReducingSink done
Event: 8.304 loading class javax/xml/parsers/ParserConfigurationException
Event: 8.304 loading class javax/xml/parsers/ParserConfigurationException done
Event: 8.304 loading class org/xml/sax/SAXException
Event: 8.304 loading class org/xml/sax/SAXException done
Event: 8.304 loading class javax/xml/xpath/XPathExpressionException
Event: 8.304 loading class javax/xml/xpath/XPathException
Event: 8.304 loading class javax/xml/xpath/XPathException done
Event: 8.304 loading class javax/xml/xpath/XPathExpressionException done
Event: 8.304 loading class org/xml/sax/ErrorHandler
Event: 8.304 loading class org/xml/sax/ErrorHandler done


Dynamic libraries:
0x00007ff659380000 - 0x00007ff659390000 	D:\javajdk17\bin\java.exe
0x00007ffaa7330000 - 0x00007ffaa7528000 	C:\WINDOWS\SYSTEM32\ntdll.dll
0x00007ffaa5d90000 - 0x00007ffaa5e4d000 	C:\WINDOWS\System32\KERNEL32.DLL
0x00007ffaa4b50000 - 0x00007ffaa4e46000 	C:\WINDOWS\System32\KERNELBASE.dll
0x00007ffaa4e50000 - 0x00007ffaa4f50000 	C:\WINDOWS\System32\ucrtbase.dll
0x00007ffa86ec0000 - 0x00007ffa86edb000 	D:\javajdk17\bin\VCRUNTIME140.dll
0x00007ffa842f0000 - 0x00007ffa84309000 	D:\javajdk17\bin\jli.dll
0x00007ffaa69e0000 - 0x00007ffaa6a8e000 	C:\WINDOWS\System32\ADVAPI32.dll
0x00007ffaa68a0000 - 0x00007ffaa693e000 	C:\WINDOWS\System32\msvcrt.dll
0x00007ffaa6940000 - 0x00007ffaa69dc000 	C:\WINDOWS\System32\sechost.dll
0x00007ffaa5510000 - 0x00007ffaa5636000 	C:\WINDOWS\System32\RPCRT4.dll
0x00007ffaa5360000 - 0x00007ffaa54fe000 	C:\WINDOWS\System32\USER32.dll
0x00007ffa8abc0000 - 0x00007ffa8ae5a000 	C:\WINDOWS\WinSxS\amd64_microsoft.windows.common-controls_6595b64144ccf1df_6.0.19041.1110_none_60b5254171f9507e\COMCTL32.dll
0x00007ffaa6d40000 - 0x00007ffaa6d6c000 	C:\WINDOWS\System32\GDI32.dll
0x00007ffaa5270000 - 0x00007ffaa5292000 	C:\WINDOWS\System32\win32u.dll
0x00007ffaa4f50000 - 0x00007ffaa506a000 	C:\WINDOWS\System32\gdi32full.dll
0x00007ffaa5070000 - 0x00007ffaa510d000 	C:\WINDOWS\System32\msvcp_win.dll
0x00007ffa99520000 - 0x00007ffa9952a000 	C:\WINDOWS\SYSTEM32\VERSION.dll
0x00007ffaa6a90000 - 0x00007ffaa6ac0000 	C:\WINDOWS\System32\IMM32.DLL
0x00007ffa8f180000 - 0x00007ffa8f18c000 	D:\javajdk17\bin\vcruntime140_1.dll
0x00007ffa61810000 - 0x00007ffa6189e000 	D:\javajdk17\bin\msvcp140.dll
0x00007ffa4c640000 - 0x00007ffa4d21d000 	D:\javajdk17\bin\server\jvm.dll
0x00007ffaa6fd0000 - 0x00007ffaa6fd8000 	C:\WINDOWS\System32\PSAPI.DLL
0x00007ffa8bc30000 - 0x00007ffa8bc39000 	C:\WINDOWS\SYSTEM32\WSOCK32.dll
0x00007ffaa6be0000 - 0x00007ffaa6c4b000 	C:\WINDOWS\System32\WS2_32.dll
0x00007ffa85ec0000 - 0x00007ffa85ee7000 	C:\WINDOWS\SYSTEM32\WINMM.dll
0x00007ffaa3250000 - 0x00007ffaa3262000 	C:\WINDOWS\SYSTEM32\kernel.appcore.dll
0x00007ffa8b810000 - 0x00007ffa8b81a000 	D:\javajdk17\bin\jimage.dll
0x00007ffaa2770000 - 0x00007ffaa2954000 	C:\WINDOWS\SYSTEM32\DBGHELP.DLL
0x00007ffa9cd20000 - 0x00007ffa9cd54000 	C:\WINDOWS\SYSTEM32\dbgcore.DLL
0x00007ffaa52d0000 - 0x00007ffaa5352000 	C:\WINDOWS\System32\bcryptPrimitives.dll
0x00007ffa718a0000 - 0x00007ffa718c5000 	D:\javajdk17\bin\java.dll
0x00007ffa5b0c0000 - 0x00007ffa5b197000 	D:\javajdk17\bin\jsvml.dll
0x00007ffaa5640000 - 0x00007ffaa5d85000 	C:\WINDOWS\System32\SHELL32.dll
0x00007ffaa2960000 - 0x00007ffaa30fb000 	C:\WINDOWS\SYSTEM32\windows.storage.dll
0x00007ffaa6070000 - 0x00007ffaa63c4000 	C:\WINDOWS\System32\combase.dll
0x00007ffaa4420000 - 0x00007ffaa444e000 	C:\WINDOWS\SYSTEM32\Wldp.dll
0x00007ffaa6e70000 - 0x00007ffaa6f1d000 	C:\WINDOWS\System32\SHCORE.dll
0x00007ffaa6fe0000 - 0x00007ffaa7035000 	C:\WINDOWS\System32\shlwapi.dll
0x00007ffaa4910000 - 0x00007ffaa4935000 	C:\WINDOWS\SYSTEM32\profapi.dll
0x00007ffa835c0000 - 0x00007ffa835d9000 	D:\javajdk17\bin\net.dll
0x00007ffa96480000 - 0x00007ffa9658a000 	C:\WINDOWS\SYSTEM32\WINHTTP.dll
0x00007ffaa40b0000 - 0x00007ffaa411a000 	C:\WINDOWS\system32\mswsock.dll
0x00007ffa83340000 - 0x00007ffa83356000 	D:\javajdk17\bin\nio.dll
0x00007ffa809b0000 - 0x00007ffa809c8000 	D:\javajdk17\bin\zip.dll
0x00007ffa810d0000 - 0x00007ffa810e0000 	D:\javajdk17\bin\verify.dll
0x00007ffa5edd0000 - 0x00007ffa5edf7000 	C:\Users\blues\.gradle\native\68d5fa5c4cc2d200863cafc0d521ce42e7d3e7ee720ec0a83991735586a16f82\windows-amd64\native-platform.dll
0x00007ffa56be0000 - 0x00007ffa56d24000 	C:\Users\blues\.gradle\native\e376f236ea51e6404a007f0833ffe2c6e607c4080706a723a18a27aeea778392\windows-amd64\native-platform-file-events.dll
0x00007ffa87f90000 - 0x00007ffa87f9a000 	D:\javajdk17\bin\management.dll
0x00007ffa87eb0000 - 0x00007ffa87ebb000 	D:\javajdk17\bin\management_ext.dll
0x00007ffaa4300000 - 0x00007ffaa4318000 	C:\WINDOWS\SYSTEM32\CRYPTSP.dll
0x00007ffaa39c0000 - 0x00007ffaa39f4000 	C:\WINDOWS\system32\rsaenh.dll
0x00007ffaa52a0000 - 0x00007ffaa52c7000 	C:\WINDOWS\System32\bcrypt.dll
0x00007ffaa4890000 - 0x00007ffaa48be000 	C:\WINDOWS\SYSTEM32\USERENV.dll
0x00007ffaa4320000 - 0x00007ffaa432c000 	C:\WINDOWS\SYSTEM32\CRYPTBASE.dll
0x00007ffaa3da0000 - 0x00007ffaa3ddb000 	C:\WINDOWS\SYSTEM32\IPHLPAPI.DLL
0x00007ffaa5500000 - 0x00007ffaa5508000 	C:\WINDOWS\System32\NSI.dll
0x00007ffa98da0000 - 0x00007ffa98db7000 	C:\WINDOWS\SYSTEM32\dhcpcsvc6.DLL
0x00007ffa977a0000 - 0x00007ffa977bd000 	C:\WINDOWS\SYSTEM32\dhcpcsvc.DLL
0x00007ffaa3de0000 - 0x00007ffaa3eaa000 	C:\WINDOWS\SYSTEM32\DNSAPI.dll
0x00007ffa84fe0000 - 0x00007ffa84fed000 	D:\javajdk17\bin\sunmscapi.dll
0x00007ffaa5110000 - 0x00007ffaa526e000 	C:\WINDOWS\System32\CRYPT32.dll
0x00007ffaa4490000 - 0x00007ffaa44b8000 	C:\WINDOWS\SYSTEM32\ncrypt.dll
0x00007ffaa4450000 - 0x00007ffaa448b000 	C:\WINDOWS\SYSTEM32\NTASN1.dll
0x00007ffa6d680000 - 0x00007ffa6d687000 	C:\WINDOWS\system32\wshunix.dll

dbghelp: loaded successfully - version: 4.0.5 - missing functions: none
symbol engine: initialized successfully - sym options: 0x614 - pdb path: .;D:\javajdk17\bin;C:\WINDOWS\SYSTEM32;C:\WINDOWS\WinSxS\amd64_microsoft.windows.common-controls_6595b64144ccf1df_6.0.19041.1110_none_60b5254171f9507e;D:\javajdk17\bin\server;C:\Users\blues\.gradle\native\68d5fa5c4cc2d200863cafc0d521ce42e7d3e7ee720ec0a83991735586a16f82\windows-amd64;C:\Users\blues\.gradle\native\e376f236ea51e6404a007f0833ffe2c6e607c4080706a723a18a27aeea778392\windows-amd64

VM Arguments:
jvm_args: -XX:MaxMetaspaceSize=512m --add-opens=java.base/java.util=ALL-UNNAMED --add-opens=java.base/java.lang=ALL-UNNAMED --add-opens=java.base/java.lang.invoke=ALL-UNNAMED --add-opens=java.prefs/java.util.prefs=ALL-UNNAMED --add-opens=java.base/java.nio.charset=ALL-UNNAMED --add-opens=java.base/java.net=ALL-UNNAMED --add-opens=java.base/java.util.concurrent.atomic=ALL-UNNAMED -Xmx2048m -Dfile.encoding=utf8 -Duser.country=GB -Duser.language=en -Duser.variant 
java_command: org.gradle.launcher.daemon.bootstrap.GradleDaemon 8.0.1
java_class_path (initial): C:\Users\blues\.gradle\wrapper\dists\gradle-8.0.1-all\aro4hu1c3oeioove7l0i4i14o\gradle-8.0.1\lib\gradle-launcher-8.0.1.jar
Launcher Type: SUN_STANDARD

[Global flags]
     intx CICompilerCount                          = 4                                         {product} {ergonomic}
   size_t CompressedClassSpaceSize                 = 432013312                                 {product} {ergonomic}
     uint ConcGCThreads                            = 2                                         {product} {ergonomic}
     uint G1ConcRefinementThreads                  = 8                                         {product} {ergonomic}
   size_t G1HeapRegionSize                         = 1048576                                   {product} {ergonomic}
    uintx GCDrainStackTargetSize                   = 64                                        {product} {ergonomic}
   size_t InitialHeapSize                          = 199229440                                 {product} {ergonomic}
   size_t MarkStackSize                            = 4194304                                   {product} {ergonomic}
   size_t MaxHeapSize                              = 2147483648                                {product} {command line}
   size_t MaxMetaspaceSize                         = 536870912                                 {product} {command line}
   size_t MaxNewSize                               = 1287651328                                {product} {ergonomic}
   size_t MinHeapDeltaBytes                        = 1048576                                   {product} {ergonomic}
   size_t MinHeapSize                              = 8388608                                   {product} {ergonomic}
    uintx NonNMethodCodeHeapSize                   = 5839372                                {pd product} {ergonomic}
    uintx NonProfiledCodeHeapSize                  = 122909434                              {pd product} {ergonomic}
    uintx ProfiledCodeHeapSize                     = 122909434                              {pd product} {ergonomic}
    uintx ReservedCodeCacheSize                    = 251658240                              {pd product} {ergonomic}
     bool SegmentedCodeCache                       = true                                      {product} {ergonomic}
   size_t SoftMaxHeapSize                          = 2147483648                             {manageable} {ergonomic}
     bool UseCompressedClassPointers               = true                           {product lp64_product} {ergonomic}
     bool UseCompressedOops                        = true                           {product lp64_product} {ergonomic}
     bool UseG1GC                                  = true                                      {product} {ergonomic}
     bool UseLargePagesIndividualAllocation        = false                                  {pd product} {ergonomic}

Logging:
Log output configuration:
 #0: stdout all=warning uptime,level,tags
 #1: stderr all=off uptime,level,tags

Environment Variables:
JAVA_HOME=D:\javajdk17
PATH=C:\Python311\Scripts\;C:\Python311\;C:\Program Files\Common Files\Oracle\Java\javapath;C:\Program Files (x86)\Common Files\Oracle\Java\javapath;C:\windows\system32;C:\windows;C:\windows\System32\Wbem;C:\windows\System32\WindowsPowerShell\v1.0\;C:\windows\System32\OpenSSH\;C:\Program Files (x86)\NVIDIA Corporation\PhysX\Common;C:\Program Files\NVIDIA Corporation\NVIDIA NvDLISR;C:\WINDOWS\system32;C:\WINDOWS;C:\WINDOWS\System32\Wbem;C:\WINDOWS\System32\WindowsPowerShell\v1.0\;C:\WINDOWS\System32\OpenSSH\;C:\Program Files\Git\cmd;D:\ffmpeg-app;C:\Program Files\dotnet\;D:\mpv;C:\Program Files\Cloudflare\Cloudflare WARP\;D:\androidsdk;D:\nodejs\;C:\ProgramData\chocolatey\bin;D:\javajdk17;C:\Program Files\Microsoft SQL Server\150\Tools\Binn\;C:\Program Files\Microsoft SQL Server\Client SDK\ODBC\170\Tools\Binn\;C:\Program Files (x86)\Microsoft SQL Server\160\Tools\Binn\;C:\Program Files\Microsoft SQL Server\160\Tools\Binn\;C:\Program Files\Microsoft SQL Server\160\DTS\Binn\;C:\Program Files (x86)\Microsoft SQL Server\160\DTS\Binn\;C:\Program Files\Azure Data Studio\bin;C:\Program Files (x86)\Windows Kits\10\Windows Performance Toolkit\;D:\vlc\install\VLC;C:\Users\blues\AppData\Local\Microsoft\WindowsApps;C:\Users\blues\AppData\Local\Programs\Microsoft VS Code\bin;C:\Users\blues\.dotnet\tools;C:\Users\blues\AppData\Local\GitHubDesktop\bin;D:\androidsdk;C:\Users\blues\AppData\Roaming\npm;D:\javajdk17;;C:\Program Files\Azure Data Studio\bin
USERNAME=tue-hp
OS=Windows_NT
PROCESSOR_IDENTIFIER=Intel64 Family 6 Model 126 Stepping 5, GenuineIntel



---------------  S Y S T E M  ---------------

OS:
 Windows 10 , 64 bit Build 19041 (10.0.19041.3393)
OS uptime: 1 days 3:54 hours

CPU: total 8 (initial active 8) (4 cores per cpu, 2 threads per core) family 6 model 126 stepping 5 microcode 0x56, cx8, cmov, fxsr, ht, mmx, 3dnowpref, sse, sse2, sse3, ssse3, sse4.1, sse4.2, popcnt, lzcnt, tsc, tscinvbit, avx, avx2, aes, erms, clmul, bmi1, bmi2, adx, avx512f, avx512dq, avx512cd, avx512bw, avx512vl, sha, fma, vzeroupper, avx512_vpopcntdq, avx512_vpclmulqdq, avx512_vaes, avx512_vnni, clflush, clflushopt, avx512_vbmi2, avx512_vbmi

Memory: 4k page, system-wide physical 12069M (60M free)
TotalPageFile size 20261M (AvailPageFile size 3M)
current process WorkingSet (physical memory assigned to process): 194M, peak: 194M
current process commit charge ("private bytes"): 347M, peak: 349M

vm_info: Java HotSpot(TM) 64-Bit Server VM (17.0.7+8-LTS-224) for windows-amd64 JRE (17.0.7+8-LTS-224), built on Feb 28 2023 23:03:02 by "mach5one" with MS VC++ 17.1 (VS2022)

END.
