#
# There is insufficient memory for the Java Runtime Environment to continue.
# Native memory allocation (mmap) failed to map 67108864 bytes for G1 virtual space
# Possible reasons:
#   The system is out of physical RAM or swap space
#   The process is running with CompressedOops enabled, and the Java Heap may be blocking the growth of the native heap
# Possible solutions:
#   Reduce memory load on the system
#   Increase physical memory or swap space
#   Check if swap backing store is full
#   Decrease Java heap size (-Xmx/-Xms)
#   Decrease number of Java threads
#   Decrease Java thread stack sizes (-Xss)
#   Set larger code cache with -XX:ReservedCodeCacheSize=
#   JVM is running with Unscaled Compressed Oops mode in which the Java heap is
#     placed in the first 4GB address space. The Java Heap base address is the
#     maximum limit for the native heap growth. Please use -XX:HeapBaseMinAddress
#     to set the Java Heap base and to place the Java Heap above 4GB virtual address.
# This output file may be truncated or incomplete.
#
#  Out of Memory Error (os_windows.cpp:3550), pid=10780, tid=16560
#
# JRE version:  (17.0.7+8) (build )
# Java VM: Java HotSpot(TM) 64-Bit Server VM (17.0.7+8-LTS-224, mixed mode, sharing, tiered, compressed oops, compressed class ptrs, g1 gc, windows-amd64)
# No core dump will be written. Minidumps are not enabled by default on client versions of Windows
#

---------------  S U M M A R Y ------------

Command Line: -Xmx64m -Xms64m -Dorg.gradle.appname=gradlew org.gradle.wrapper.GradleWrapperMain tasks

Host: Intel(R) Core(TM) i5-1035G1 CPU @ 1.00GHz, 8 cores, 11G,  Windows 10 , 64 bit Build 19041 (10.0.19041.3393)
Time: Wed Oct 18 23:47:12 2023 SE Asia Standard Time elapsed time: 0.010416 seconds (0d 0h 0m 0s)

---------------  T H R E A D  ---------------

Current thread (0x000001e1aa543680):  JavaThread "Unknown thread" [_thread_in_vm, id=16560, stack(0x0000006db7100000,0x0000006db7200000)]

Stack: [0x0000006db7100000,0x0000006db7200000]
Native frames: (J=compiled Java code, j=interpreted, Vv=VM code, C=native code)
V  [jvm.dll+0x676a4a]
V  [jvm.dll+0x7d74f4]
V  [jvm.dll+0x7d8c9e]
V  [jvm.dll+0x7d9303]
V  [jvm.dll+0x2452c5]
V  [jvm.dll+0x6738f9]
V  [jvm.dll+0x668232]
V  [jvm.dll+0x302826]
V  [jvm.dll+0x309da6]
V  [jvm.dll+0x35952e]
V  [jvm.dll+0x35975f]
V  [jvm.dll+0x2d9a38]
V  [jvm.dll+0x2da9a4]
V  [jvm.dll+0x7a8fb1]
V  [jvm.dll+0x3670e1]
V  [jvm.dll+0x788359]
V  [jvm.dll+0x3ea5ef]
V  [jvm.dll+0x3ec071]
C  [jli.dll+0x5297]
C  [ucrtbase.dll+0x21bb2]
C  [KERNEL32.DLL+0x17344]
C  [ntdll.dll+0x526b1]


---------------  P R O C E S S  ---------------

Threads class SMR info:
_java_thread_list=0x00007ffa4d0f4998, length=0, elements={
}

Java Threads: ( => current thread )

Other Threads:
  0x000001e1aa564980 GCTaskThread "GC Thread#0" [stack: 0x0000006db7200000,0x0000006db7300000] [id=19000]
  0x000001e1aa5660c0 ConcurrentGCThread "G1 Main Marker" [stack: 0x0000006db7300000,0x0000006db7400000] [id=18852]
  0x000001e1aa566ad0 ConcurrentGCThread "G1 Conc#0" [stack: 0x0000006db7400000,0x0000006db7500000] [id=23392]

[error occurred during error reporting (printing all threads), id 0xc0000005, EXCEPTION_ACCESS_VIOLATION (0xc0000005) at pc=0x00007ffa4c92a697]

VM state: not at safepoint (not fully initialized)

VM Mutex/Monitor currently owned by a thread:  ([mutex/lock_event])
[0x000001e1aa53ecb0] Heap_lock - owner thread: 0x000001e1aa543680

Heap address: 0x00000000fc000000, size: 64 MB, Compressed Oops mode: 32-bit

CDS archive(s) mapped at: [0x0000000000000000-0x0000000000000000-0x0000000000000000), size 0, SharedBaseAddress: 0x0000000800000000, ArchiveRelocationMode: 0.
Narrow klass base: 0x0000000000000000, Narrow klass shift: 0, Narrow klass range: 0x0

GC Precious Log:
<Empty>

Heap:
 garbage-first heap   total 0K, used 0K [0x00000000fc000000, 0x0000000100000000)
  region size 1024K, 0 young (0K), 0 survivors (0K)

[error occurred during error reporting (printing heap information), id 0xc0000005, EXCEPTION_ACCESS_VIOLATION (0xc0000005) at pc=0x00007ffa4cd100b9]

GC Heap History (0 events):
No events

Deoptimization events (0 events):
No events

Classes unloaded (0 events):
No events

Classes redefined (0 events):
No events

Internal exceptions (0 events):
No events

VM Operations (0 events):
No events

Events (1 events):
Event: 0.004 Loaded shared library D:\javajdk17\bin\java.dll


Dynamic libraries:
0x00007ff659380000 - 0x00007ff659390000 	D:\javajdk17\bin\java.exe
0x00007ffaa7330000 - 0x00007ffaa7528000 	C:\WINDOWS\SYSTEM32\ntdll.dll
0x00007ffaa5d90000 - 0x00007ffaa5e4d000 	C:\WINDOWS\System32\KERNEL32.DLL
0x00007ffaa4b50000 - 0x00007ffaa4e46000 	C:\WINDOWS\System32\KERNELBASE.dll
0x00007ffaa4e50000 - 0x00007ffaa4f50000 	C:\WINDOWS\System32\ucrtbase.dll
0x00007ffa842f0000 - 0x00007ffa84309000 	D:\javajdk17\bin\jli.dll
0x00007ffa86ec0000 - 0x00007ffa86edb000 	D:\javajdk17\bin\VCRUNTIME140.dll
0x00007ffaa69e0000 - 0x00007ffaa6a8e000 	C:\WINDOWS\System32\ADVAPI32.dll
0x00007ffaa68a0000 - 0x00007ffaa693e000 	C:\WINDOWS\System32\msvcrt.dll
0x00007ffaa6940000 - 0x00007ffaa69dc000 	C:\WINDOWS\System32\sechost.dll
0x00007ffaa5510000 - 0x00007ffaa5636000 	C:\WINDOWS\System32\RPCRT4.dll
0x00007ffaa5360000 - 0x00007ffaa54fe000 	C:\WINDOWS\System32\USER32.dll
0x00007ffaa5270000 - 0x00007ffaa5292000 	C:\WINDOWS\System32\win32u.dll
0x00007ffaa6d40000 - 0x00007ffaa6d6c000 	C:\WINDOWS\System32\GDI32.dll
0x00007ffa8abc0000 - 0x00007ffa8ae5a000 	C:\WINDOWS\WinSxS\amd64_microsoft.windows.common-controls_6595b64144ccf1df_6.0.19041.1110_none_60b5254171f9507e\COMCTL32.dll
0x00007ffaa4f50000 - 0x00007ffaa506a000 	C:\WINDOWS\System32\gdi32full.dll
0x00007ffaa5070000 - 0x00007ffaa510d000 	C:\WINDOWS\System32\msvcp_win.dll
0x00007ffa99520000 - 0x00007ffa9952a000 	C:\WINDOWS\SYSTEM32\VERSION.dll
0x00007ffaa6a90000 - 0x00007ffaa6ac0000 	C:\WINDOWS\System32\IMM32.DLL
0x00007ffa8f180000 - 0x00007ffa8f18c000 	D:\javajdk17\bin\vcruntime140_1.dll
0x00007ffa61810000 - 0x00007ffa6189e000 	D:\javajdk17\bin\msvcp140.dll
0x00007ffa4c640000 - 0x00007ffa4d21d000 	D:\javajdk17\bin\server\jvm.dll
0x00007ffaa6fd0000 - 0x00007ffaa6fd8000 	C:\WINDOWS\System32\PSAPI.DLL
0x00007ffa85ec0000 - 0x00007ffa85ee7000 	C:\WINDOWS\SYSTEM32\WINMM.dll
0x00007ffa8bc30000 - 0x00007ffa8bc39000 	C:\WINDOWS\SYSTEM32\WSOCK32.dll
0x00007ffaa6be0000 - 0x00007ffaa6c4b000 	C:\WINDOWS\System32\WS2_32.dll
0x00007ffaa3250000 - 0x00007ffaa3262000 	C:\WINDOWS\SYSTEM32\kernel.appcore.dll
0x00007ffa8b810000 - 0x00007ffa8b81a000 	D:\javajdk17\bin\jimage.dll
0x00007ffaa2770000 - 0x00007ffaa2954000 	C:\WINDOWS\SYSTEM32\DBGHELP.DLL
0x00007ffa9cd20000 - 0x00007ffa9cd54000 	C:\WINDOWS\SYSTEM32\dbgcore.DLL
0x00007ffaa52d0000 - 0x00007ffaa5352000 	C:\WINDOWS\System32\bcryptPrimitives.dll
0x00007ffa718a0000 - 0x00007ffa718c5000 	D:\javajdk17\bin\java.dll

dbghelp: loaded successfully - version: 4.0.5 - missing functions: none
symbol engine: initialized successfully - sym options: 0x614 - pdb path: .;D:\javajdk17\bin;C:\WINDOWS\SYSTEM32;C:\WINDOWS\WinSxS\amd64_microsoft.windows.common-controls_6595b64144ccf1df_6.0.19041.1110_none_60b5254171f9507e;D:\javajdk17\bin\server

VM Arguments:
jvm_args: -Xmx64m -Xms64m -Dorg.gradle.appname=gradlew 
java_command: org.gradle.wrapper.GradleWrapperMain tasks
java_class_path (initial): D:\git\ReactNativeStreaming\android\\gradle\wrapper\gradle-wrapper.jar
Launcher Type: SUN_STANDARD

[Global flags]
     intx CICompilerCount                          = 4                                         {product} {ergonomic}
     uint ConcGCThreads                            = 2                                         {product} {ergonomic}
     uint G1ConcRefinementThreads                  = 8                                         {product} {ergonomic}
   size_t G1HeapRegionSize                         = 1048576                                   {product} {ergonomic}
    uintx GCDrainStackTargetSize                   = 64                                        {product} {ergonomic}
   size_t InitialHeapSize                          = 67108864                                  {product} {command line}
   size_t MarkStackSize                            = 4194304                                   {product} {ergonomic}
   size_t MaxHeapSize                              = 67108864                                  {product} {command line}
   size_t MinHeapDeltaBytes                        = 1048576                                   {product} {ergonomic}
   size_t MinHeapSize                              = 67108864                                  {product} {command line}
    uintx NonNMethodCodeHeapSize                   = 5839372                                {pd product} {ergonomic}
    uintx NonProfiledCodeHeapSize                  = 122909434                              {pd product} {ergonomic}
    uintx ProfiledCodeHeapSize                     = 122909434                              {pd product} {ergonomic}
    uintx ReservedCodeCacheSize                    = 251658240                              {pd product} {ergonomic}
     bool SegmentedCodeCache                       = true                                      {product} {ergonomic}
   size_t SoftMaxHeapSize                          = 67108864                               {manageable} {ergonomic}
     bool UseCompressedClassPointers               = true                           {product lp64_product} {ergonomic}
     bool UseCompressedOops                        = true                           {product lp64_product} {ergonomic}
     bool UseG1GC                                  = true                                      {product} {ergonomic}
     bool UseLargePagesIndividualAllocation        = false                                  {pd product} {ergonomic}

Logging:
Log output configuration:
 #0: stdout all=warning uptime,level,tags
 #1: stderr all=off uptime,level,tags

Environment Variables:
JAVA_HOME=D:\javajdk17
CLASSPATH=D:\git\ReactNativeStreaming\android\\gradle\wrapper\gradle-wrapper.jar
PATH=D:\git\ReactNativeStreaming\node_modules\.bin;D:\git\ReactNativeStreaming\node_modules\.bin;D:\git\node_modules\.bin;D:\node_modules\.bin;D:\nodejs\node_modules\npm\node_modules\@npmcli\run-script\lib\node-gyp-bin;D:\git\ReactNativeStreaming\node_modules\.bin;D:\git\node_modules\.bin;D:\node_modules\.bin;D:\nodejs\node_modules\npm\node_modules\@npmcli\run-script\lib\node-gyp-bin;C:\Python311\Scripts\;C:\Python311\;C:\Program Files\Common Files\Oracle\Java\javapath;C:\Program Files (x86)\Common Files\Oracle\Java\javapath;C:\windows\system32;C:\windows;C:\windows\System32\Wbem;C:\windows\System32\WindowsPowerShell\v1.0\;C:\windows\System32\OpenSSH\;C:\Program Files (x86)\NVIDIA Corporation\PhysX\Common;C:\Program Files\NVIDIA Corporation\NVIDIA NvDLISR;C:\WINDOWS\system32;C:\WINDOWS;C:\WINDOWS\System32\Wbem;C:\WINDOWS\System32\WindowsPowerShell\v1.0\;C:\WINDOWS\System32\OpenSSH\;C:\Program Files\Git\cmd;D:\ffmpeg-app;C:\Program Files\dotnet\;D:\mpv;C:\Program Files\Cloudflare\Cloudflare WARP\;D:\androidsdk;D:\nodejs\;C:\ProgramData\chocolatey\bin;D:\javajdk17;C:\Program Files\Microsoft SQL Server\150\Tools\Binn\;C:\Program Files\Microsoft SQL Server\Client SDK\ODBC\170\Tools\Binn\;C:\Program Files (x86)\Microsoft SQL Server\160\Tools\Binn\;C:\Program Files\Microsoft SQL Server\160\Tools\Binn\;C:\Program Files\Microsoft SQL Server\160\DTS\Binn\;C:\Program Files (x86)\Microsoft SQL Server\160\DTS\Binn\;C:\Program Files\Azure Data Studio\bin;C:\Program Files (x86)\Windows Kits\10\Windows Performance Toolkit\;D:\vlc\install\VLC;C:\Users\blues\AppData\Local\Microsoft\WindowsApps;C:\Users\blues\AppData\Local\Programs\Microsoft VS Code\bin;C:\Users\blues\.dotnet\tools;C:\Users\blues\AppData\Local\GitHubDesktop\bin;D:\androidsdk;C:\Users\blues\AppData\Roaming\npm;D:\javajdk17;;C:\Program Files\Azure Data Studio\bin
USERNAME=tue-hp
LANG=en_US.UTF-8
OS=Windows_NT
PROCESSOR_IDENTIFIER=Intel64 Family 6 Model 126 Stepping 5, GenuineIntel



---------------  S Y S T E M  ---------------

OS:
 Windows 10 , 64 bit Build 19041 (10.0.19041.3393)
OS uptime: 1 days 4:29 hours

CPU: total 8 (initial active 8) (4 cores per cpu, 2 threads per core) family 6 model 126 stepping 5 microcode 0x56, cx8, cmov, fxsr, ht, mmx, 3dnowpref, sse, sse2, sse3, ssse3, sse4.1, sse4.2, popcnt, lzcnt, tsc, tscinvbit, avx, avx2, aes, erms, clmul, bmi1, bmi2, adx, avx512f, avx512dq, avx512cd, avx512bw, avx512vl, sha, fma, vzeroupper, avx512_vpopcntdq, avx512_vpclmulqdq, avx512_vaes, avx512_vnni, clflush, clflushopt, avx512_vbmi2, avx512_vbmi

Memory: 4k page, system-wide physical 12069M (834M free)
TotalPageFile size 20261M (AvailPageFile size 40M)
current process WorkingSet (physical memory assigned to process): 10M, peak: 10M
current process commit charge ("private bytes"): 59M, peak: 123M

vm_info: Java HotSpot(TM) 64-Bit Server VM (17.0.7+8-LTS-224) for windows-amd64 JRE (17.0.7+8-LTS-224), built on Feb 28 2023 23:03:02 by "mach5one" with MS VC++ 17.1 (VS2022)

END.
