#
# There is insufficient memory for the Java Runtime Environment to continue.
# Native memory allocation (mmap) failed to map 83886080 bytes for G1 virtual space
# Possible reasons:
#   The system is out of physical RAM or swap space
#   The process is running with CompressedOops enabled, and the Java Heap may be blocking the growth of the native heap
# Possible solutions:
#   Reduce memory load on the system
#   Increase physical memory or swap space
#   Check if swap backing store is full
#   Decrease Java heap size (-Xmx/-Xms)
#   Decrease number of Java threads
#   Decrease Java thread stack sizes (-Xss)
#   Set larger code cache with -XX:ReservedCodeCacheSize=
#   JVM is running with Unscaled Compressed Oops mode in which the Java heap is
#     placed in the first 4GB address space. The Java Heap base address is the
#     maximum limit for the native heap growth. Please use -XX:HeapBaseMinAddress
#     to set the Java Heap base and to place the Java Heap above 4GB virtual address.
# This output file may be truncated or incomplete.
#
#  Out of Memory Error (os_windows.cpp:3550), pid=2896, tid=16264
#
# JRE version: Java(TM) SE Runtime Environment (17.0.7+8) (build 17.0.7+8-LTS-224)
# Java VM: Java HotSpot(TM) 64-Bit Server VM (17.0.7+8-LTS-224, mixed mode, sharing, tiered, compressed oops, compressed class ptrs, g1 gc, windows-amd64)
# No core dump will be written. Minidumps are not enabled by default on client versions of Windows
#

---------------  S U M M A R Y ------------

Command Line: -XX:MaxMetaspaceSize=512m --add-opens=java.base/java.util=ALL-UNNAMED --add-opens=java.base/java.lang=ALL-UNNAMED --add-opens=java.base/java.lang.invoke=ALL-UNNAMED --add-opens=java.prefs/java.util.prefs=ALL-UNNAMED --add-opens=java.base/java.nio.charset=ALL-UNNAMED --add-opens=java.base/java.net=ALL-UNNAMED --add-opens=java.base/java.util.concurrent.atomic=ALL-UNNAMED -Xmx2048m -Dfile.encoding=windows-1252 -Duser.country=GB -Duser.language=en -Duser.variant org.gradle.launcher.daemon.bootstrap.GradleDaemon 8.0.1

Host: Intel(R) Core(TM) i5-1035G1 CPU @ 1.00GHz, 8 cores, 11G,  Windows 10 , 64 bit Build 19041 (10.0.19041.3570)
Time: Sat Oct 28 16:17:32 2023 SE Asia Standard Time elapsed time: 11.658064 seconds (0d 0h 0m 11s)

---------------  T H R E A D  ---------------

Current thread (0x000002347f4aef40):  VMThread "VM Thread" [stack: 0x0000009f66d00000,0x0000009f66e00000] [id=16264]

Stack: [0x0000009f66d00000,0x0000009f66e00000]
Native frames: (J=compiled Java code, j=interpreted, Vv=VM code, C=native code)
V  [jvm.dll+0x676a4a]
V  [jvm.dll+0x7d74f4]
V  [jvm.dll+0x7d8c9e]
V  [jvm.dll+0x7d9303]
V  [jvm.dll+0x2452c5]
V  [jvm.dll+0x6738f9]
V  [jvm.dll+0x668232]
V  [jvm.dll+0x302826]
V  [jvm.dll+0x309da6]
V  [jvm.dll+0x35952e]
V  [jvm.dll+0x35975f]
V  [jvm.dll+0x2d9a38]
V  [jvm.dll+0x2d7e45]
V  [jvm.dll+0x2d744c]
V  [jvm.dll+0x31ab1b]
V  [jvm.dll+0x7ddb0b]
V  [jvm.dll+0x7de844]
V  [jvm.dll+0x7ded5d]
V  [jvm.dll+0x7df134]
V  [jvm.dll+0x7df200]
V  [jvm.dll+0x78759a]
V  [jvm.dll+0x675875]
C  [ucrtbase.dll+0x21bb2]
C  [KERNEL32.DLL+0x17344]
C  [ntdll.dll+0x526b1]

VM_Operation (0x0000009f686f2980): G1CollectForAllocation, mode: safepoint, requested by thread 0x000002340588b1b0


---------------  P R O C E S S  ---------------

Threads class SMR info:
_java_thread_list=0x00000234061f8980, length=137, elements={
0x00000234652c4e00, 0x000002347f4b5cf0, 0x000002347f4b66a0, 0x000002347f4c9220,
0x000002347f4c9bd0, 0x000002347f4cc590, 0x000002347f4d4f50, 0x000002347f4f9140,
0x000002347f4f9be0, 0x0000023404918070, 0x0000023404a429a0, 0x0000023404a43090,
0x000002340588dd00, 0x000002340588c9c0, 0x000002340588d360, 0x000002340588a340,
0x000002340588d830, 0x000002340588c4f0, 0x000002340588b1b0, 0x000002340588a810,
0x000002340588ce90, 0x000002340588c020, 0x000002340588ace0, 0x000002340588b680,
0x000002340588bb50, 0x000002340720a9b0, 0x000002340720f6b0, 0x0000023407208cd0,
0x000002340720fb80, 0x0000023407210050, 0x000002340720c1c0, 0x000002340720e370,
0x000002340720e840, 0x0000023407209670, 0x000002340720a010, 0x000002340720b820,
0x000002340720bcf0, 0x00000234072639b0, 0x000002340720cb60, 0x000002340b6e4930,
0x000002340720d030, 0x000002340720d9d0, 0x000002340720dea0, 0x0000023409c580e0,
0x0000023409c52a40, 0x0000023409c55f30, 0x0000023409c568d0, 0x0000023409c52570,
0x0000023409c550c0, 0x0000023409c57270, 0x0000023409c57740, 0x0000023409c52f10,
0x0000023409c54720, 0x0000023409c585b0, 0x0000023409c55a60, 0x0000023409c57c10,
0x0000023409c59420, 0x0000023409c54bf0, 0x0000023409c55590, 0x0000023409c51bd0,
0x0000023409c533e0, 0x0000023409c53d80, 0x0000023409c538b0, 0x0000023409c54250,
0x0000023409c56400, 0x0000023409c56da0, 0x0000023409c58a80, 0x0000023409c58f50,
0x0000023409c520a0, 0x000002340816a3e0, 0x0000023408163ed0, 0x0000023408169a40,
0x00000234081643a0, 0x0000023408169f10, 0x0000023408164d40, 0x0000023408163530,
0x0000023408163a00, 0x0000023408165210, 0x0000023408165bb0, 0x0000023408166550,
0x0000023408166a20, 0x0000023408168bd0, 0x0000023408166ef0, 0x00000234081673c0,
0x0000023408167d60, 0x0000023408168230, 0x00000234081690a0, 0x000002340667ace0,
0x000002340667e6a0, 0x000002340667b1b0, 0x000002340667b680, 0x000002340667bb50,
0x000002340667c020, 0x000002340667dd00, 0x000002340667c4f0, 0x000002340667ce90,
0x000002340667d830, 0x000002340667d360, 0x000002340667e1d0, 0x000002340667c9c0,
0x0000023407f041b0, 0x0000023407f09d20, 0x0000023407f08510, 0x0000023407f08eb0,
0x0000023407f09380, 0x0000023407f089e0, 0x0000023407f04680, 0x0000023407f0a1f0,
0x0000023407f076a0, 0x0000023407f09850, 0x0000023407f0a6c0, 0x0000023407f0ab90,
0x0000023407f059c0, 0x0000023407f05e90, 0x0000023407f06360, 0x0000023407f0b060,
0x0000023407f0b530, 0x0000023407f071d0, 0x0000023407f0ba00, 0x0000023407f06d00,
0x0000023407f07b70, 0x0000023407f08040, 0x000002340613d870, 0x000002340613c530,
0x000002340613dd40, 0x0000023406142a40, 0x0000023406140890, 0x00000234061420a0,
0x0000023406141230, 0x000002340613fa20, 0x000002340613e6e0, 0x000002340613b1f0,
0x000002340613ced0, 0x0000023406140d60, 0x0000023406141bd0, 0x000002340613d3a0,
0x000002340613e210
}

Java Threads: ( => current thread )
  0x00000234652c4e00 JavaThread "main" [_thread_blocked, id=3284, stack(0x0000009f66700000,0x0000009f66800000)]
  0x000002347f4b5cf0 JavaThread "Reference Handler" daemon [_thread_blocked, id=16972, stack(0x0000009f66e00000,0x0000009f66f00000)]
  0x000002347f4b66a0 JavaThread "Finalizer" daemon [_thread_blocked, id=14092, stack(0x0000009f66f00000,0x0000009f67000000)]
  0x000002347f4c9220 JavaThread "Signal Dispatcher" daemon [_thread_blocked, id=148, stack(0x0000009f67000000,0x0000009f67100000)]
  0x000002347f4c9bd0 JavaThread "Attach Listener" daemon [_thread_blocked, id=11520, stack(0x0000009f67100000,0x0000009f67200000)]
  0x000002347f4cc590 JavaThread "Service Thread" daemon [_thread_blocked, id=8820, stack(0x0000009f67200000,0x0000009f67300000)]
  0x000002347f4d4f50 JavaThread "Monitor Deflation Thread" daemon [_thread_blocked, id=21436, stack(0x0000009f67300000,0x0000009f67400000)]
  0x000002347f4f9140 JavaThread "C2 CompilerThread0" daemon [_thread_in_native, id=14236, stack(0x0000009f67400000,0x0000009f67500000)]
  0x000002347f4f9be0 JavaThread "C1 CompilerThread0" daemon [_thread_blocked, id=764, stack(0x0000009f67500000,0x0000009f67600000)]
  0x0000023404918070 JavaThread "Sweeper thread" daemon [_thread_blocked, id=11392, stack(0x0000009f67600000,0x0000009f67700000)]
  0x0000023404a429a0 JavaThread "Common-Cleaner" daemon [_thread_blocked, id=28200, stack(0x0000009f67700000,0x0000009f67800000)]
  0x0000023404a43090 JavaThread "Notification Thread" daemon [_thread_blocked, id=10920, stack(0x0000009f67800000,0x0000009f67900000)]
  0x000002340588dd00 JavaThread "Daemon health stats" [_thread_blocked, id=22136, stack(0x0000009f68000000,0x0000009f68100000)]
  0x000002340588c9c0 JavaThread "Incoming local TCP Connector on port 58438" [_thread_in_native, id=16776, stack(0x0000009f68100000,0x0000009f68200000)]
  0x000002340588d360 JavaThread "Daemon periodic checks" [_thread_blocked, id=25868, stack(0x0000009f68200000,0x0000009f68300000)]
  0x000002340588a340 JavaThread "Daemon" [_thread_blocked, id=20036, stack(0x0000009f68300000,0x0000009f68400000)]
  0x000002340588d830 JavaThread "Handler for socket connection from /127.0.0.1:58438 to /127.0.0.1:58439" [_thread_in_native, id=12380, stack(0x0000009f68400000,0x0000009f68500000)]
  0x000002340588c4f0 JavaThread "Cancel handler" [_thread_blocked, id=29452, stack(0x0000009f68500000,0x0000009f68600000)]
  0x000002340588b1b0 JavaThread "Daemon worker" [_thread_blocked, id=25544, stack(0x0000009f68600000,0x0000009f68700000)]
  0x000002340588a810 JavaThread "Asynchronous log dispatcher for DefaultDaemonConnection: socket connection from /127.0.0.1:58438 to /127.0.0.1:58439" [_thread_blocked, id=13804, stack(0x0000009f68700000,0x0000009f68800000)]
  0x000002340588ce90 JavaThread "Stdin handler" [_thread_blocked, id=11444, stack(0x0000009f68800000,0x0000009f68900000)]
  0x000002340588c020 JavaThread "Daemon client event forwarder" [_thread_blocked, id=16388, stack(0x0000009f68900000,0x0000009f68a00000)]
  0x000002340588ace0 JavaThread "Cache worker for journal cache (C:\Users\blues\.gradle\caches\journal-1)" [_thread_blocked, id=26140, stack(0x0000009f68a00000,0x0000009f68b00000)]
  0x000002340588b680 JavaThread "File lock request listener" [_thread_in_native, id=17744, stack(0x0000009f68b00000,0x0000009f68c00000)]
  0x000002340588bb50 JavaThread "Cache worker for file hash cache (C:\Users\blues\.gradle\caches\8.0.1\fileHashes)" [_thread_blocked, id=15520, stack(0x0000009f68c00000,0x0000009f68d00000)]
  0x000002340720a9b0 JavaThread "File watcher server" daemon [_thread_in_native, id=28676, stack(0x0000009f68d00000,0x0000009f68e00000)]
  0x000002340720f6b0 JavaThread "File watcher consumer" daemon [_thread_blocked, id=21156, stack(0x0000009f68e00000,0x0000009f68f00000)]
  0x0000023407208cd0 JavaThread "Cache worker for checksums cache (D:\git\ReactNativeStreaming\android\.gradle\8.0.1\checksums)" [_thread_blocked, id=20096, stack(0x0000009f68f00000,0x0000009f69000000)]
  0x000002340720fb80 JavaThread "Cache worker for cache directory md-rule (C:\Users\blues\.gradle\caches\8.0.1\md-rule)" [_thread_blocked, id=15304, stack(0x0000009f69000000,0x0000009f69100000)]
  0x0000023407210050 JavaThread "Cache worker for file content cache (C:\Users\blues\.gradle\caches\8.0.1\fileContent)" [_thread_blocked, id=21364, stack(0x0000009f69100000,0x0000009f69200000)]
  0x000002340720c1c0 JavaThread "Cache worker for file hash cache (D:\git\ReactNativeStreaming\android\.gradle\8.0.1\fileHashes)" [_thread_blocked, id=29312, stack(0x0000009f69200000,0x0000009f69300000)]
  0x000002340720e370 JavaThread "Cache worker for cache directory md-supplier (C:\Users\blues\.gradle\caches\8.0.1\md-supplier)" [_thread_blocked, id=10836, stack(0x0000009f69300000,0x0000009f69400000)]
  0x000002340720e840 JavaThread "Cache worker for execution history cache (C:\Users\blues\.gradle\caches\8.0.1\executionHistory)" [_thread_blocked, id=18884, stack(0x0000009f69800000,0x0000009f69900000)]
  0x0000023407209670 JavaThread "jar transforms" [_thread_blocked, id=3680, stack(0x0000009f69900000,0x0000009f69a00000)]
  0x000002340720a010 JavaThread "jar transforms Thread 2" [_thread_blocked, id=28396, stack(0x0000009f69a00000,0x0000009f69b00000)]
  0x000002340720b820 JavaThread "jar transforms Thread 3" [_thread_blocked, id=22204, stack(0x0000009f69b00000,0x0000009f69c00000)]
  0x000002340720bcf0 JavaThread "jar transforms Thread 4" [_thread_blocked, id=14948, stack(0x0000009f69c00000,0x0000009f69d00000)]
  0x00000234072639b0 JavaThread "C2 CompilerThread1" daemon [_thread_in_native, id=8332, stack(0x0000009f67a00000,0x0000009f67b00000)]
  0x000002340720cb60 JavaThread "Cache worker for kotlin-dsl (C:\Users\blues\.gradle\caches\8.0.1\kotlin-dsl)" [_thread_blocked, id=27872, stack(0x0000009f67b00000,0x0000009f67c00000)]
  0x000002340b6e4930 JavaThread "C2 CompilerThread2" daemon [_thread_in_native, id=8880, stack(0x0000009f69d00000,0x0000009f69e00000)]
  0x000002340720d030 JavaThread "jar transforms Thread 5" [_thread_blocked, id=6372, stack(0x0000009f69e00000,0x0000009f69f00000)]
  0x000002340720d9d0 JavaThread "jar transforms Thread 6" [_thread_blocked, id=26676, stack(0x0000009f69f00000,0x0000009f6a000000)]
  0x000002340720dea0 JavaThread "Cache worker for dependencies-accessors (D:\git\ReactNativeStreaming\android\.gradle\8.0.1\dependencies-accessors)" [_thread_blocked, id=27364, stack(0x0000009f6a000000,0x0000009f6a100000)]
  0x0000023409c580e0 JavaThread "Cache worker for Build Output Cleanup Cache (D:\git\ReactNativeStreaming\node_modules\@react-native\gradle-plugin\.gradle\buildOutputCleanup)" [_thread_blocked, id=24396, stack(0x0000009f6a100000,0x0000009f6a200000)]
  0x0000023409c52a40 JavaThread "jar transforms Thread 7" [_thread_blocked, id=20056, stack(0x0000009f6a200000,0x0000009f6a300000)]
  0x0000023409c55f30 JavaThread "Unconstrained build operations" [_thread_blocked, id=28544, stack(0x0000009f6a300000,0x0000009f6a400000)]
  0x0000023409c568d0 JavaThread "Unconstrained build operations Thread 2" [_thread_blocked, id=13540, stack(0x0000009f6a400000,0x0000009f6a500000)]
  0x0000023409c52570 JavaThread "Unconstrained build operations Thread 3" [_thread_blocked, id=17388, stack(0x0000009f6a500000,0x0000009f6a600000)]
  0x0000023409c550c0 JavaThread "Unconstrained build operations Thread 4" [_thread_blocked, id=5908, stack(0x0000009f6a600000,0x0000009f6a700000)]
  0x0000023409c57270 JavaThread "Unconstrained build operations Thread 5" [_thread_blocked, id=15396, stack(0x0000009f6a700000,0x0000009f6a800000)]
  0x0000023409c57740 JavaThread "Unconstrained build operations Thread 6" [_thread_blocked, id=17320, stack(0x0000009f6a800000,0x0000009f6a900000)]
  0x0000023409c52f10 JavaThread "Unconstrained build operations Thread 7" [_thread_blocked, id=12304, stack(0x0000009f6a900000,0x0000009f6aa00000)]
  0x0000023409c54720 JavaThread "Unconstrained build operations Thread 8" [_thread_blocked, id=25072, stack(0x0000009f6aa00000,0x0000009f6ab00000)]
  0x0000023409c585b0 JavaThread "Unconstrained build operations Thread 9" [_thread_blocked, id=21656, stack(0x0000009f6ab00000,0x0000009f6ac00000)]
  0x0000023409c55a60 JavaThread "Unconstrained build operations Thread 10" [_thread_blocked, id=16688, stack(0x0000009f6ac00000,0x0000009f6ad00000)]
  0x0000023409c57c10 JavaThread "Unconstrained build operations Thread 11" [_thread_blocked, id=11456, stack(0x0000009f6ad00000,0x0000009f6ae00000)]
  0x0000023409c59420 JavaThread "Unconstrained build operations Thread 12" [_thread_blocked, id=14500, stack(0x0000009f6ae00000,0x0000009f6af00000)]
  0x0000023409c54bf0 JavaThread "Unconstrained build operations Thread 13" [_thread_blocked, id=28028, stack(0x0000009f6af00000,0x0000009f6b000000)]
  0x0000023409c55590 JavaThread "Unconstrained build operations Thread 14" [_thread_blocked, id=29292, stack(0x0000009f6b000000,0x0000009f6b100000)]
  0x0000023409c51bd0 JavaThread "Unconstrained build operations Thread 15" [_thread_blocked, id=8232, stack(0x0000009f6b100000,0x0000009f6b200000)]
  0x0000023409c533e0 JavaThread "Unconstrained build operations Thread 16" [_thread_blocked, id=22372, stack(0x0000009f6b200000,0x0000009f6b300000)]
  0x0000023409c53d80 JavaThread "Unconstrained build operations Thread 17" [_thread_blocked, id=7120, stack(0x0000009f6b300000,0x0000009f6b400000)]
  0x0000023409c538b0 JavaThread "Unconstrained build operations Thread 18" [_thread_blocked, id=2596, stack(0x0000009f6b400000,0x0000009f6b500000)]
  0x0000023409c54250 JavaThread "Unconstrained build operations Thread 19" [_thread_blocked, id=25184, stack(0x0000009f6b500000,0x0000009f6b600000)]
  0x0000023409c56400 JavaThread "Unconstrained build operations Thread 20" [_thread_blocked, id=24400, stack(0x0000009f6b600000,0x0000009f6b700000)]
  0x0000023409c56da0 JavaThread "Unconstrained build operations Thread 21" [_thread_blocked, id=12952, stack(0x0000009f6b700000,0x0000009f6b800000)]
  0x0000023409c58a80 JavaThread "Unconstrained build operations Thread 22" [_thread_blocked, id=29356, stack(0x0000009f6b800000,0x0000009f6b900000)]
  0x0000023409c58f50 JavaThread "Unconstrained build operations Thread 23" [_thread_blocked, id=27352, stack(0x0000009f6b900000,0x0000009f6ba00000)]
  0x0000023409c520a0 JavaThread "Unconstrained build operations Thread 24" [_thread_blocked, id=28048, stack(0x0000009f6ba00000,0x0000009f6bb00000)]
  0x000002340816a3e0 JavaThread "Unconstrained build operations Thread 25" [_thread_blocked, id=23684, stack(0x0000009f6bb00000,0x0000009f6bc00000)]
  0x0000023408163ed0 JavaThread "Unconstrained build operations Thread 26" [_thread_blocked, id=14868, stack(0x0000009f6bc00000,0x0000009f6bd00000)]
  0x0000023408169a40 JavaThread "jar transforms Thread 8" [_thread_blocked, id=11972, stack(0x0000009f6bd00000,0x0000009f6be00000)]
  0x00000234081643a0 JavaThread "Memory manager" [_thread_blocked, id=2464, stack(0x0000009f6be00000,0x0000009f6bf00000)]
  0x0000023408169f10 JavaThread "Cache worker for Build Output Cleanup Cache (D:\git\ReactNativeStreaming\android\.gradle\buildOutputCleanup)" [_thread_blocked, id=1528, stack(0x0000009f6bf00000,0x0000009f6c000000)]
  0x0000023408164d40 JavaThread "included builds" [_thread_blocked, id=12452, stack(0x0000009f6c000000,0x0000009f6c100000)]
  0x0000023408163530 JavaThread "Execution worker" [_thread_blocked, id=22044, stack(0x0000009f6c100000,0x0000009f6c200000)]
  0x0000023408163a00 JavaThread "Execution worker Thread 2" [_thread_blocked, id=20708, stack(0x0000009f6c200000,0x0000009f6c300000)]
  0x0000023408165210 JavaThread "Execution worker Thread 3" [_thread_blocked, id=17780, stack(0x0000009f6c300000,0x0000009f6c400000)]
  0x0000023408165bb0 JavaThread "Execution worker Thread 4" [_thread_blocked, id=11868, stack(0x0000009f6c400000,0x0000009f6c500000)]
  0x0000023408166550 JavaThread "Execution worker Thread 5" [_thread_blocked, id=29272, stack(0x0000009f6c500000,0x0000009f6c600000)]
  0x0000023408166a20 JavaThread "Execution worker Thread 6" [_thread_blocked, id=28304, stack(0x0000009f6c600000,0x0000009f6c700000)]
  0x0000023408168bd0 JavaThread "Execution worker Thread 7" [_thread_blocked, id=20516, stack(0x0000009f6c700000,0x0000009f6c800000)]
  0x0000023408166ef0 JavaThread "Cache worker for execution history cache (D:\git\ReactNativeStreaming\node_modules\@react-native\gradle-plugin\.gradle\8.0.1\executionHistory)" [_thread_blocked, id=28472, stack(0x0000009f6c800000,0x0000009f6c900000)]
  0x00000234081673c0 JavaThread "Unconstrained build operations Thread 27" [_thread_blocked, id=19564, stack(0x0000009f6c900000,0x0000009f6ca00000)]
  0x0000023408167d60 JavaThread "Unconstrained build operations Thread 28" [_thread_blocked, id=28624, stack(0x0000009f6ca00000,0x0000009f6cb00000)]
  0x0000023408168230 JavaThread "Unconstrained build operations Thread 29" [_thread_blocked, id=12992, stack(0x0000009f6cb00000,0x0000009f6cc00000)]
  0x00000234081690a0 JavaThread "Unconstrained build operations Thread 30" [_thread_blocked, id=27104, stack(0x0000009f6cc00000,0x0000009f6cd00000)]
  0x000002340667ace0 JavaThread "Unconstrained build operations Thread 31" [_thread_blocked, id=27904, stack(0x0000009f6cd00000,0x0000009f6ce00000)]
  0x000002340667e6a0 JavaThread "Unconstrained build operations Thread 32" [_thread_blocked, id=5892, stack(0x0000009f6ce00000,0x0000009f6cf00000)]
  0x000002340667b1b0 JavaThread "Unconstrained build operations Thread 33" [_thread_blocked, id=26288, stack(0x0000009f6cf00000,0x0000009f6d000000)]
  0x000002340667b680 JavaThread "Unconstrained build operations Thread 34" [_thread_blocked, id=23368, stack(0x0000009f6d000000,0x0000009f6d100000)]
  0x000002340667bb50 JavaThread "Unconstrained build operations Thread 35" [_thread_blocked, id=6312, stack(0x0000009f6d100000,0x0000009f6d200000)]
  0x000002340667c020 JavaThread "Unconstrained build operations Thread 36" [_thread_blocked, id=9888, stack(0x0000009f6d200000,0x0000009f6d300000)]
  0x000002340667dd00 JavaThread "Unconstrained build operations Thread 37" [_thread_blocked, id=10856, stack(0x0000009f6d300000,0x0000009f6d400000)]
  0x000002340667c4f0 JavaThread "Unconstrained build operations Thread 38" [_thread_blocked, id=25144, stack(0x0000009f6d400000,0x0000009f6d500000)]
  0x000002340667ce90 JavaThread "Unconstrained build operations Thread 39" [_thread_blocked, id=14480, stack(0x0000009f6d500000,0x0000009f6d600000)]
  0x000002340667d830 JavaThread "Unconstrained build operations Thread 40" [_thread_blocked, id=23360, stack(0x0000009f6d600000,0x0000009f6d700000)]
  0x000002340667d360 JavaThread "Unconstrained build operations Thread 41" [_thread_blocked, id=14228, stack(0x0000009f6d700000,0x0000009f6d800000)]
  0x000002340667e1d0 JavaThread "Unconstrained build operations Thread 42" [_thread_blocked, id=22256, stack(0x0000009f6d800000,0x0000009f6d900000)]
  0x000002340667c9c0 JavaThread "Unconstrained build operations Thread 43" [_thread_blocked, id=27856, stack(0x0000009f6d900000,0x0000009f6da00000)]
  0x0000023407f041b0 JavaThread "Unconstrained build operations Thread 44" [_thread_blocked, id=4220, stack(0x0000009f6da00000,0x0000009f6db00000)]
  0x0000023407f09d20 JavaThread "Unconstrained build operations Thread 45" [_thread_blocked, id=14388, stack(0x0000009f6db00000,0x0000009f6dc00000)]
  0x0000023407f08510 JavaThread "Unconstrained build operations Thread 46" [_thread_blocked, id=10820, stack(0x0000009f6dc00000,0x0000009f6dd00000)]
  0x0000023407f08eb0 JavaThread "Unconstrained build operations Thread 47" [_thread_blocked, id=20076, stack(0x0000009f6dd00000,0x0000009f6de00000)]
  0x0000023407f09380 JavaThread "Unconstrained build operations Thread 48" [_thread_blocked, id=24132, stack(0x0000009f6de00000,0x0000009f6df00000)]
  0x0000023407f089e0 JavaThread "Unconstrained build operations Thread 49" [_thread_blocked, id=19284, stack(0x0000009f6df00000,0x0000009f6e000000)]
  0x0000023407f04680 JavaThread "Unconstrained build operations Thread 50" [_thread_blocked, id=27852, stack(0x0000009f6e000000,0x0000009f6e100000)]
  0x0000023407f0a1f0 JavaThread "Unconstrained build operations Thread 51" [_thread_blocked, id=16992, stack(0x0000009f6e100000,0x0000009f6e200000)]
  0x0000023407f076a0 JavaThread "Unconstrained build operations Thread 52" [_thread_blocked, id=11156, stack(0x0000009f6e200000,0x0000009f6e300000)]
  0x0000023407f09850 JavaThread "Unconstrained build operations Thread 53" [_thread_blocked, id=22296, stack(0x0000009f6e300000,0x0000009f6e400000)]
  0x0000023407f0a6c0 JavaThread "Unconstrained build operations Thread 54" [_thread_blocked, id=15440, stack(0x0000009f6e400000,0x0000009f6e500000)]
  0x0000023407f0ab90 JavaThread "Unconstrained build operations Thread 55" [_thread_blocked, id=1260, stack(0x0000009f6e500000,0x0000009f6e600000)]
  0x0000023407f059c0 JavaThread "Unconstrained build operations Thread 56" [_thread_blocked, id=17436, stack(0x0000009f6e600000,0x0000009f6e700000)]
  0x0000023407f05e90 JavaThread "Unconstrained build operations Thread 57" [_thread_blocked, id=16444, stack(0x0000009f6e700000,0x0000009f6e800000)]
  0x0000023407f06360 JavaThread "Unconstrained build operations Thread 58" [_thread_blocked, id=22784, stack(0x0000009f6e800000,0x0000009f6e900000)]
  0x0000023407f0b060 JavaThread "Unconstrained build operations Thread 59" [_thread_blocked, id=28380, stack(0x0000009f6e900000,0x0000009f6ea00000)]
  0x0000023407f0b530 JavaThread "Unconstrained build operations Thread 60" [_thread_blocked, id=9624, stack(0x0000009f6ea00000,0x0000009f6eb00000)]
  0x0000023407f071d0 JavaThread "Unconstrained build operations Thread 61" [_thread_blocked, id=22368, stack(0x0000009f6eb00000,0x0000009f6ec00000)]
  0x0000023407f0ba00 JavaThread "Unconstrained build operations Thread 62" [_thread_blocked, id=25732, stack(0x0000009f6ec00000,0x0000009f6ed00000)]
  0x0000023407f06d00 JavaThread "Unconstrained build operations Thread 63" [_thread_blocked, id=15644, stack(0x0000009f6ed00000,0x0000009f6ee00000)]
  0x0000023407f07b70 JavaThread "Unconstrained build operations Thread 64" [_thread_blocked, id=10672, stack(0x0000009f6ee00000,0x0000009f6ef00000)]
  0x0000023407f08040 JavaThread "Unconstrained build operations Thread 65" [_thread_blocked, id=24308, stack(0x0000009f6ef00000,0x0000009f6f000000)]
  0x000002340613d870 JavaThread "Unconstrained build operations Thread 66" [_thread_blocked, id=11988, stack(0x0000009f6f000000,0x0000009f6f100000)]
  0x000002340613c530 JavaThread "Unconstrained build operations Thread 67" [_thread_blocked, id=20688, stack(0x0000009f6f100000,0x0000009f6f200000)]
  0x000002340613dd40 JavaThread "Unconstrained build operations Thread 68" [_thread_blocked, id=11424, stack(0x0000009f6f200000,0x0000009f6f300000)]
  0x0000023406142a40 JavaThread "Unconstrained build operations Thread 69" [_thread_blocked, id=22996, stack(0x0000009f6f300000,0x0000009f6f400000)]
  0x0000023406140890 JavaThread "Unconstrained build operations Thread 70" [_thread_blocked, id=4052, stack(0x0000009f6f400000,0x0000009f6f500000)]
  0x00000234061420a0 JavaThread "Unconstrained build operations Thread 71" [_thread_blocked, id=17812, stack(0x0000009f6f500000,0x0000009f6f600000)]
  0x0000023406141230 JavaThread "Unconstrained build operations Thread 72" [_thread_blocked, id=26020, stack(0x0000009f6f600000,0x0000009f6f700000)]
  0x000002340613fa20 JavaThread "Unconstrained build operations Thread 73" [_thread_blocked, id=13316, stack(0x0000009f6f700000,0x0000009f6f800000)]
  0x000002340613e6e0 JavaThread "Unconstrained build operations Thread 74" [_thread_blocked, id=20636, stack(0x0000009f6f800000,0x0000009f6f900000)]
  0x000002340613b1f0 JavaThread "Unconstrained build operations Thread 75" [_thread_blocked, id=15680, stack(0x0000009f6f900000,0x0000009f6fa00000)]
  0x000002340613ced0 JavaThread "Unconstrained build operations Thread 76" [_thread_blocked, id=21104, stack(0x0000009f6fa00000,0x0000009f6fb00000)]
  0x0000023406140d60 JavaThread "Unconstrained build operations Thread 77" [_thread_blocked, id=29164, stack(0x0000009f6fb00000,0x0000009f6fc00000)]
  0x0000023406141bd0 JavaThread "Unconstrained build operations Thread 78" [_thread_blocked, id=9492, stack(0x0000009f6fc00000,0x0000009f6fd00000)]
  0x000002340613d3a0 JavaThread "Unconstrained build operations Thread 79" [_thread_blocked, id=28964, stack(0x0000009f6fd00000,0x0000009f6fe00000)]
  0x000002340613e210 JavaThread "Unconstrained build operations Thread 80" [_thread_blocked, id=23516, stack(0x0000009f6fe00000,0x0000009f6ff00000)]

Other Threads:
=>0x000002347f4aef40 VMThread "VM Thread" [stack: 0x0000009f66d00000,0x0000009f66e00000] [id=16264]
  0x000002346533c3f0 WatcherThread [stack: 0x0000009f67900000,0x0000009f67a00000] [id=16508]
  0x000002346531ed60 GCTaskThread "GC Thread#0" [stack: 0x0000009f66800000,0x0000009f66900000] [id=6228]
  0x0000023405544bf0 GCTaskThread "GC Thread#1" [stack: 0x0000009f67c00000,0x0000009f67d00000] [id=25300]
  0x0000023405544ea0 GCTaskThread "GC Thread#2" [stack: 0x0000009f67d00000,0x0000009f67e00000] [id=19440]
  0x00000234054d1640 GCTaskThread "GC Thread#3" [stack: 0x0000009f67e00000,0x0000009f67f00000] [id=25160]
  0x0000023405770910 GCTaskThread "GC Thread#4" [stack: 0x0000009f67f00000,0x0000009f68000000] [id=26548]
  0x0000023409e6f820 GCTaskThread "GC Thread#5" [stack: 0x0000009f69400000,0x0000009f69500000] [id=16540]
  0x0000023409e6fd80 GCTaskThread "GC Thread#6" [stack: 0x0000009f69500000,0x0000009f69600000] [id=20296]
  0x0000023409e70590 GCTaskThread "GC Thread#7" [stack: 0x0000009f69600000,0x0000009f69700000] [id=26004]
  0x0000023465330cb0 ConcurrentGCThread "G1 Main Marker" [stack: 0x0000009f66900000,0x0000009f66a00000] [id=11668]
  0x00000234653316c0 ConcurrentGCThread "G1 Conc#0" [stack: 0x0000009f66a00000,0x0000009f66b00000] [id=10212]
  0x0000023409e70030 ConcurrentGCThread "G1 Conc#1" [stack: 0x0000009f69700000,0x0000009f69800000] [id=9228]
  0x000002347f34a110 ConcurrentGCThread "G1 Refine#0" [stack: 0x0000009f66b00000,0x0000009f66c00000] [id=12884]
  0x000002346539e460 ConcurrentGCThread "G1 Service" [stack: 0x0000009f66c00000,0x0000009f66d00000] [id=24252]

Threads with active compile tasks:
C2 CompilerThread0    11684 8521       4       java.net.URLClassLoader$1::run (5 bytes)
C2 CompilerThread1    11684 8588   !   4       com.google.common.reflect.TypeVisitor::visit (244 bytes)
C2 CompilerThread2    11684 8522   !   4       java.net.URLClassLoader$1::run (81 bytes)

VM state: at safepoint (normal execution)

VM Mutex/Monitor currently owned by a thread:  ([mutex/lock_event])
[0x00000234652c04e0] Threads_lock - owner thread: 0x000002347f4aef40
[0x00000234652c1890] Heap_lock - owner thread: 0x000002340588b1b0

Heap address: 0x0000000080000000, size: 2048 MB, Compressed Oops mode: 32-bit

CDS archive(s) mapped at: [0x0000000800000000-0x0000000800bd0000-0x0000000800bd0000), size 12386304, SharedBaseAddress: 0x0000000800000000, ArchiveRelocationMode: 0.
Compressed class space mapped at: 0x0000000800c00000-0x000000081a800000, reserved size: 432013312
Narrow klass base: 0x0000000800000000, Narrow klass shift: 0, Narrow klass range: 0x100000000

GC Precious Log:
 CPUs: 8 total, 8 available
 Memory: 12069M
 Large Page Support: Disabled
 NUMA Support: Disabled
 Compressed Oops: Enabled (32-bit)
 Heap Region Size: 1M
 Heap Min Capacity: 8M
 Heap Initial Capacity: 190M
 Heap Max Capacity: 2G
 Pre-touch: Disabled
 Parallel Workers: 8
 Concurrent Workers: 2
 Concurrent Refinement Workers: 8
 Periodic GC: Disabled

Heap:
 garbage-first heap   total 112640K, used 67285K [0x0000000080000000, 0x0000000100000000)
  region size 1024K, 2 young (2048K), 2 survivors (2048K)
 Metaspace       used 67894K, committed 68608K, reserved 487424K
  class space    used 9332K, committed 9664K, reserved 421888K

Heap Regions: E=young(eden), S=young(survivor), O=old, HS=humongous(starts), HC=humongous(continues), CS=collection set, F=free, OA=open archive, CA=closed archive, TAMS=top-at-mark-start (previous, next)
|   0|0x0000000080000000, 0x0000000080100000, 0x0000000080100000|100%|HS|  |TAMS 0x0000000080100000, 0x0000000080000000| Complete 
|   1|0x0000000080100000, 0x0000000080200000, 0x0000000080200000|100%|HC|  |TAMS 0x0000000080200000, 0x0000000080100000| Complete 
|   2|0x0000000080200000, 0x0000000080300000, 0x0000000080300000|100%|HC|  |TAMS 0x0000000080300000, 0x0000000080200000| Complete 
|   3|0x0000000080300000, 0x0000000080400000, 0x0000000080400000|100%|HC|  |TAMS 0x0000000080400000, 0x0000000080300000| Complete 
|   4|0x0000000080400000, 0x0000000080500000, 0x0000000080500000|100%| O|  |TAMS 0x0000000080500000, 0x0000000080400000| Untracked 
|   5|0x0000000080500000, 0x0000000080600000, 0x0000000080600000|100%| O|  |TAMS 0x0000000080600000, 0x0000000080500000| Untracked 
|   6|0x0000000080600000, 0x0000000080700000, 0x0000000080700000|100%| O|  |TAMS 0x0000000080700000, 0x0000000080600000| Untracked 
|   7|0x0000000080700000, 0x0000000080800000, 0x0000000080800000|100%| O|  |TAMS 0x0000000080800000, 0x0000000080700000| Untracked 
|   8|0x0000000080800000, 0x0000000080900000, 0x0000000080900000|100%| O|  |TAMS 0x0000000080900000, 0x0000000080800000| Untracked 
|   9|0x0000000080900000, 0x0000000080a00000, 0x0000000080a00000|100%| O|  |TAMS 0x0000000080a00000, 0x0000000080900000| Untracked 
|  10|0x0000000080a00000, 0x0000000080b00000, 0x0000000080b00000|100%| O|  |TAMS 0x0000000080b00000, 0x0000000080a00000| Untracked 
|  11|0x0000000080b00000, 0x0000000080c00000, 0x0000000080c00000|100%| O|  |TAMS 0x0000000080c00000, 0x0000000080b00000| Untracked 
|  12|0x0000000080c00000, 0x0000000080d00000, 0x0000000080d00000|100%| O|  |TAMS 0x0000000080d00000, 0x0000000080c00000| Untracked 
|  13|0x0000000080d00000, 0x0000000080e00000, 0x0000000080e00000|100%| O|  |TAMS 0x0000000080e00000, 0x0000000080d00000| Untracked 
|  14|0x0000000080e00000, 0x0000000080f00000, 0x0000000080f00000|100%|HS|  |TAMS 0x0000000080e00000, 0x0000000080e00000| Complete 
|  15|0x0000000080f00000, 0x0000000081000000, 0x0000000081000000|100%| O|  |TAMS 0x0000000081000000, 0x0000000080f00000| Untracked 
|  16|0x0000000081000000, 0x0000000081100000, 0x0000000081100000|100%| O|  |TAMS 0x0000000081100000, 0x0000000081000000| Untracked 
|  17|0x0000000081100000, 0x0000000081200000, 0x0000000081200000|100%| O|  |TAMS 0x0000000081200000, 0x0000000081100000| Untracked 
|  18|0x0000000081200000, 0x0000000081300000, 0x0000000081300000|100%| O|  |TAMS 0x0000000081300000, 0x0000000081200000| Untracked 
|  19|0x0000000081300000, 0x0000000081400000, 0x0000000081400000|100%| O|  |TAMS 0x0000000081400000, 0x0000000081300000| Untracked 
|  20|0x0000000081400000, 0x0000000081500000, 0x0000000081500000|100%| O|  |TAMS 0x0000000081500000, 0x0000000081400000| Untracked 
|  21|0x0000000081500000, 0x0000000081600000, 0x0000000081600000|100%| O|  |TAMS 0x0000000081600000, 0x0000000081500000| Untracked 
|  22|0x0000000081600000, 0x0000000081700000, 0x0000000081700000|100%| O|  |TAMS 0x0000000081700000, 0x0000000081600000| Untracked 
|  23|0x0000000081700000, 0x0000000081800000, 0x0000000081800000|100%| O|  |TAMS 0x0000000081800000, 0x0000000081700000| Untracked 
|  24|0x0000000081800000, 0x0000000081900000, 0x0000000081900000|100%| O|  |TAMS 0x0000000081900000, 0x0000000081800000| Untracked 
|  25|0x0000000081900000, 0x0000000081a00000, 0x0000000081a00000|100%| O|  |TAMS 0x0000000081a00000, 0x0000000081900000| Untracked 
|  26|0x0000000081a00000, 0x0000000081b00000, 0x0000000081b00000|100%| O|  |TAMS 0x0000000081b00000, 0x0000000081a00000| Untracked 
|  27|0x0000000081b00000, 0x0000000081c00000, 0x0000000081c00000|100%| O|  |TAMS 0x0000000081c00000, 0x0000000081b00000| Untracked 
|  28|0x0000000081c00000, 0x0000000081d00000, 0x0000000081d00000|100%| O|  |TAMS 0x0000000081d00000, 0x0000000081c00000| Untracked 
|  29|0x0000000081d00000, 0x0000000081e00000, 0x0000000081e00000|100%| O|  |TAMS 0x0000000081e00000, 0x0000000081d00000| Untracked 
|  30|0x0000000081e00000, 0x0000000081f00000, 0x0000000081f00000|100%| O|  |TAMS 0x0000000081f00000, 0x0000000081e00000| Untracked 
|  31|0x0000000081f00000, 0x0000000082000000, 0x0000000082000000|100%| O|  |TAMS 0x0000000082000000, 0x0000000081f00000| Untracked 
|  32|0x0000000082000000, 0x0000000082100000, 0x0000000082100000|100%| O|  |TAMS 0x0000000082100000, 0x0000000082000000| Untracked 
|  33|0x0000000082100000, 0x0000000082200000, 0x0000000082200000|100%| O|  |TAMS 0x0000000082200000, 0x0000000082100000| Untracked 
|  34|0x0000000082200000, 0x0000000082300000, 0x0000000082300000|100%|HS|  |TAMS 0x0000000082300000, 0x0000000082200000| Complete 
|  35|0x0000000082300000, 0x0000000082400000, 0x0000000082400000|100%|HC|  |TAMS 0x0000000082400000, 0x0000000082300000| Complete 
|  36|0x0000000082400000, 0x0000000082500000, 0x0000000082500000|100%| O|  |TAMS 0x0000000082500000, 0x0000000082400000| Untracked 
|  37|0x0000000082500000, 0x0000000082600000, 0x0000000082600000|100%|HS|  |TAMS 0x0000000082600000, 0x0000000082500000| Complete 
|  38|0x0000000082600000, 0x0000000082700000, 0x0000000082700000|100%|HC|  |TAMS 0x0000000082700000, 0x0000000082600000| Complete 
|  39|0x0000000082700000, 0x0000000082800000, 0x0000000082800000|100%|HC|  |TAMS 0x0000000082800000, 0x0000000082700000| Complete 
|  40|0x0000000082800000, 0x0000000082900000, 0x0000000082900000|100%|HC|  |TAMS 0x0000000082900000, 0x0000000082800000| Complete 
|  41|0x0000000082900000, 0x0000000082a00000, 0x0000000082a00000|100%| O|  |TAMS 0x0000000082a00000, 0x0000000082900000| Untracked 
|  42|0x0000000082a00000, 0x0000000082b00000, 0x0000000082b00000|100%| O|  |TAMS 0x0000000082b00000, 0x0000000082a00000| Untracked 
|  43|0x0000000082b00000, 0x0000000082c00000, 0x0000000082c00000|100%| O|  |TAMS 0x0000000082c00000, 0x0000000082b00000| Untracked 
|  44|0x0000000082c00000, 0x0000000082d00000, 0x0000000082d00000|100%| O|  |TAMS 0x0000000082d00000, 0x0000000082c00000| Untracked 
|  45|0x0000000082d00000, 0x0000000082e00000, 0x0000000082e00000|100%| O|  |TAMS 0x0000000082e00000, 0x0000000082d00000| Untracked 
|  46|0x0000000082e00000, 0x0000000082f00000, 0x0000000082f00000|100%| O|  |TAMS 0x0000000082f00000, 0x0000000082e00000| Untracked 
|  47|0x0000000082f00000, 0x0000000083000000, 0x0000000083000000|100%| O|  |TAMS 0x0000000083000000, 0x0000000082f00000| Untracked 
|  48|0x0000000083000000, 0x0000000083100000, 0x0000000083100000|100%| O|  |TAMS 0x0000000083100000, 0x0000000083000000| Untracked 
|  49|0x0000000083100000, 0x0000000083200000, 0x0000000083200000|100%| O|  |TAMS 0x0000000083200000, 0x0000000083100000| Untracked 
|  50|0x0000000083200000, 0x0000000083300000, 0x0000000083300000|100%| O|  |TAMS 0x0000000083300000, 0x0000000083200000| Untracked 
|  51|0x0000000083300000, 0x0000000083400000, 0x0000000083400000|100%| O|  |TAMS 0x0000000083400000, 0x0000000083300000| Untracked 
|  52|0x0000000083400000, 0x0000000083500000, 0x0000000083500000|100%| O|  |TAMS 0x0000000083500000, 0x0000000083400000| Untracked 
|  53|0x0000000083500000, 0x0000000083600000, 0x0000000083600000|100%| O|  |TAMS 0x0000000083600000, 0x0000000083500000| Untracked 
|  54|0x0000000083600000, 0x0000000083700000, 0x0000000083700000|100%| O|  |TAMS 0x0000000083700000, 0x0000000083600000| Untracked 
|  55|0x0000000083700000, 0x0000000083800000, 0x0000000083800000|100%| O|  |TAMS 0x0000000083800000, 0x0000000083700000| Untracked 
|  56|0x0000000083800000, 0x0000000083900000, 0x0000000083900000|100%| O|  |TAMS 0x000000008385b000, 0x0000000083800000| Untracked 
|  57|0x0000000083900000, 0x0000000083a00000, 0x0000000083a00000|100%|HS|  |TAMS 0x0000000083900000, 0x0000000083900000| Complete 
|  58|0x0000000083a00000, 0x0000000083b00000, 0x0000000083b00000|100%| O|  |TAMS 0x0000000083a00000, 0x0000000083a00000| Untracked 
|  59|0x0000000083b00000, 0x0000000083c00000, 0x0000000083c00000|100%| O|  |TAMS 0x0000000083b00000, 0x0000000083b00000| Untracked 
|  60|0x0000000083c00000, 0x0000000083d00000, 0x0000000083d00000|100%| O|  |TAMS 0x0000000083c00000, 0x0000000083c00000| Untracked 
|  61|0x0000000083d00000, 0x0000000083e00000, 0x0000000083e00000|100%| O|  |TAMS 0x0000000083d00000, 0x0000000083d00000| Untracked 
|  62|0x0000000083e00000, 0x0000000083f00000, 0x0000000083f00000|100%| O|  |TAMS 0x0000000083e00000, 0x0000000083e00000| Untracked 
|  63|0x0000000083f00000, 0x0000000084000000, 0x0000000084000000|100%| O|  |TAMS 0x0000000083f00000, 0x0000000083f00000| Untracked 
|  64|0x0000000084000000, 0x0000000084000000, 0x0000000084100000|  0%| F|  |TAMS 0x0000000084000000, 0x0000000084000000| Untracked 
|  65|0x0000000084100000, 0x0000000084100000, 0x0000000084200000|  0%| F|  |TAMS 0x0000000084100000, 0x0000000084100000| Untracked 
|  66|0x0000000084200000, 0x0000000084200000, 0x0000000084300000|  0%| F|  |TAMS 0x0000000084200000, 0x0000000084200000| Untracked 
|  67|0x0000000084300000, 0x0000000084300000, 0x0000000084400000|  0%| F|  |TAMS 0x0000000084300000, 0x0000000084300000| Untracked 
|  68|0x0000000084400000, 0x0000000084400000, 0x0000000084500000|  0%| F|  |TAMS 0x0000000084400000, 0x0000000084400000| Untracked 
|  69|0x0000000084500000, 0x0000000084500000, 0x0000000084600000|  0%| F|  |TAMS 0x0000000084500000, 0x0000000084500000| Untracked 
|  70|0x0000000084600000, 0x0000000084600000, 0x0000000084700000|  0%| F|  |TAMS 0x0000000084600000, 0x0000000084600000| Untracked 
|  71|0x0000000084700000, 0x0000000084700000, 0x0000000084800000|  0%| F|  |TAMS 0x0000000084700000, 0x0000000084700000| Untracked 
|  72|0x0000000084800000, 0x0000000084800000, 0x0000000084900000|  0%| F|  |TAMS 0x0000000084800000, 0x0000000084800000| Untracked 
|  73|0x0000000084900000, 0x0000000084900000, 0x0000000084a00000|  0%| F|  |TAMS 0x0000000084900000, 0x0000000084900000| Untracked 
|  74|0x0000000084a00000, 0x0000000084a00000, 0x0000000084b00000|  0%| F|  |TAMS 0x0000000084a00000, 0x0000000084a00000| Untracked 
|  75|0x0000000084b00000, 0x0000000084b00000, 0x0000000084c00000|  0%| F|  |TAMS 0x0000000084b00000, 0x0000000084b00000| Untracked 
|  76|0x0000000084c00000, 0x0000000084c00000, 0x0000000084d00000|  0%| F|  |TAMS 0x0000000084c00000, 0x0000000084c00000| Untracked 
|  77|0x0000000084d00000, 0x0000000084d00000, 0x0000000084e00000|  0%| F|  |TAMS 0x0000000084d00000, 0x0000000084d00000| Untracked 
|  78|0x0000000084e00000, 0x0000000084e00000, 0x0000000084f00000|  0%| F|  |TAMS 0x0000000084e00000, 0x0000000084e00000| Untracked 
|  79|0x0000000084f00000, 0x0000000084fb5630, 0x0000000085000000| 70%| S|CS|TAMS 0x0000000084f00000, 0x0000000084f00000| Complete 
|  80|0x0000000085000000, 0x0000000085100000, 0x0000000085100000|100%| S|CS|TAMS 0x0000000085000000, 0x0000000085000000| Complete 
|  81|0x0000000085100000, 0x0000000085100000, 0x0000000085200000|  0%| F|  |TAMS 0x0000000085100000, 0x0000000085100000| Untracked 
|  82|0x0000000085200000, 0x0000000085200000, 0x0000000085300000|  0%| F|  |TAMS 0x0000000085200000, 0x0000000085200000| Untracked 
|  83|0x0000000085300000, 0x0000000085300000, 0x0000000085400000|  0%| F|  |TAMS 0x0000000085300000, 0x0000000085300000| Untracked 
|  84|0x0000000085400000, 0x0000000085400000, 0x0000000085500000|  0%| F|  |TAMS 0x0000000085400000, 0x0000000085400000| Untracked 
|  85|0x0000000085500000, 0x0000000085500000, 0x0000000085600000|  0%| F|  |TAMS 0x0000000085500000, 0x0000000085500000| Untracked 
|  86|0x0000000085600000, 0x0000000085600000, 0x0000000085700000|  0%| F|  |TAMS 0x0000000085600000, 0x0000000085600000| Untracked 
|  87|0x0000000085700000, 0x0000000085700000, 0x0000000085800000|  0%| F|  |TAMS 0x0000000085700000, 0x0000000085700000| Untracked 
|  88|0x0000000085800000, 0x0000000085800000, 0x0000000085900000|  0%| F|  |TAMS 0x0000000085800000, 0x0000000085800000| Untracked 
|  89|0x0000000085900000, 0x0000000085900000, 0x0000000085a00000|  0%| F|  |TAMS 0x0000000085900000, 0x0000000085900000| Untracked 
|  90|0x0000000085a00000, 0x0000000085a00000, 0x0000000085b00000|  0%| F|  |TAMS 0x0000000085a00000, 0x0000000085a00000| Untracked 
|  91|0x0000000085b00000, 0x0000000085b00000, 0x0000000085c00000|  0%| F|  |TAMS 0x0000000085b00000, 0x0000000085b00000| Untracked 
|  92|0x0000000085c00000, 0x0000000085c00000, 0x0000000085d00000|  0%| F|  |TAMS 0x0000000085c00000, 0x0000000085c00000| Untracked 
|  93|0x0000000085d00000, 0x0000000085d00000, 0x0000000085e00000|  0%| F|  |TAMS 0x0000000085d00000, 0x0000000085d00000| Untracked 
|  94|0x0000000085e00000, 0x0000000085e00000, 0x0000000085f00000|  0%| F|  |TAMS 0x0000000085e00000, 0x0000000085e00000| Untracked 
|  95|0x0000000085f00000, 0x0000000085f00000, 0x0000000086000000|  0%| F|  |TAMS 0x0000000085f00000, 0x0000000085f00000| Untracked 
|  96|0x0000000086000000, 0x0000000086000000, 0x0000000086100000|  0%| F|  |TAMS 0x0000000086000000, 0x0000000086000000| Untracked 
|  97|0x0000000086100000, 0x0000000086100000, 0x0000000086200000|  0%| F|  |TAMS 0x0000000086100000, 0x0000000086100000| Untracked 
|  98|0x0000000086200000, 0x0000000086200000, 0x0000000086300000|  0%| F|  |TAMS 0x0000000086200000, 0x0000000086200000| Untracked 
|  99|0x0000000086300000, 0x0000000086300000, 0x0000000086400000|  0%| F|  |TAMS 0x0000000086300000, 0x0000000086300000| Untracked 
| 100|0x0000000086400000, 0x0000000086400000, 0x0000000086500000|  0%| F|  |TAMS 0x0000000086400000, 0x0000000086400000| Untracked 
| 101|0x0000000086500000, 0x0000000086500000, 0x0000000086600000|  0%| F|  |TAMS 0x0000000086500000, 0x0000000086500000| Untracked 
| 102|0x0000000086600000, 0x0000000086600000, 0x0000000086700000|  0%| F|  |TAMS 0x0000000086600000, 0x0000000086600000| Untracked 
| 103|0x0000000086700000, 0x0000000086700000, 0x0000000086800000|  0%| F|  |TAMS 0x0000000086700000, 0x0000000086700000| Untracked 
| 104|0x0000000086800000, 0x0000000086800000, 0x0000000086900000|  0%| F|  |TAMS 0x0000000086800000, 0x0000000086800000| Untracked 
| 105|0x0000000086900000, 0x0000000086900000, 0x0000000086a00000|  0%| F|  |TAMS 0x0000000086900000, 0x0000000086900000| Untracked 
| 106|0x0000000086a00000, 0x0000000086a00000, 0x0000000086b00000|  0%| F|  |TAMS 0x0000000086a00000, 0x0000000086a00000| Untracked 
| 107|0x0000000086b00000, 0x0000000086b00000, 0x0000000086c00000|  0%| F|  |TAMS 0x0000000086b00000, 0x0000000086b00000| Untracked 
| 108|0x0000000086c00000, 0x0000000086c00000, 0x0000000086d00000|  0%| F|  |TAMS 0x0000000086c00000, 0x0000000086c00000| Untracked 
| 189|0x000000008bd00000, 0x000000008bd00000, 0x000000008be00000|  0%| F|  |TAMS 0x000000008bd00000, 0x000000008bd00000| Untracked 

Card table byte_map: [0x000002347c280000,0x000002347c680000] _byte_map_base: 0x000002347be80000

Marking Bits (Prev, Next): (CMBitMap*) 0x000002346531f3b0, (CMBitMap*) 0x000002346531f370
 Prev Bits: [0x0000023400000000, 0x0000023402000000)
 Next Bits: [0x000002347ca80000, 0x000002347ea80000)

Polling page: 0x00000234632a0000

Metaspace:

Usage:
  Non-class:     57.19 MB used.
      Class:      9.11 MB used.
       Both:     66.30 MB used.

Virtual space:
  Non-class space:       64.00 MB reserved,      57.56 MB ( 90%) committed,  8 nodes.
      Class space:      412.00 MB reserved,       9.44 MB (  2%) committed,  1 nodes.
             Both:      476.00 MB reserved,      67.00 MB ( 14%) committed. 

Chunk freelists:
   Non-Class:  2.06 MB
       Class:  2.59 MB
        Both:  4.65 MB

MaxMetaspaceSize: 512.00 MB
CompressedClassSpaceSize: 412.00 MB
Initial GC threshold: 21.00 MB
Current GC threshold: 102.12 MB
CDS: on
MetaspaceReclaimPolicy: balanced
 - commit_granule_bytes: 65536.
 - commit_granule_words: 8192.
 - virtual_space_node_default_size: 1048576.
 - enlarge_chunks_in_place: 1.
 - new_chunks_are_fully_committed: 0.
 - uncommit_free_chunks: 1.
 - use_allocation_guard: 0.
 - handle_deallocations: 1.


Internal statistics:

num_allocs_failed_limit: 6.
num_arena_births: 792.
num_arena_deaths: 0.
num_vsnodes_births: 9.
num_vsnodes_deaths: 0.
num_space_committed: 1072.
num_space_uncommitted: 0.
num_chunks_returned_to_freelist: 6.
num_chunks_taken_from_freelist: 3453.
num_chunk_merges: 6.
num_chunk_splits: 2354.
num_chunks_enlarged: 1609.
num_purges: 0.
num_inconsistent_stats: 0.

CodeHeap 'non-profiled nmethods': size=120000Kb used=4566Kb max_used=4566Kb free=115433Kb
 bounds [0x0000023474620000, 0x0000023474aa0000, 0x000002347bb50000]
CodeHeap 'profiled nmethods': size=120000Kb used=15736Kb max_used=15736Kb free=104263Kb
 bounds [0x000002346cb50000, 0x000002346dab0000, 0x0000023474080000]
CodeHeap 'non-nmethods': size=5760Kb used=2387Kb max_used=2467Kb free=3372Kb
 bounds [0x0000023474080000, 0x00000234742f0000, 0x0000023474620000]
 total_blobs=8832 nmethods=7926 adapters=818
 compilation: enabled
              stopped_count=0, restarted_count=0
 full_count=0

Compilation events (20 events):
Event: 11.621 Thread 0x000002347f4f9be0 8702       3       java.math.BigInteger::montgomerySquare (49 bytes)
Event: 11.621 Thread 0x000002347f4f9be0 nmethod 8702 0x000002346daa5890 code [0x000002346daa5a80, 0x000002346daa5e78]
Event: 11.621 Thread 0x000002347f4f9be0 8703       3       java.math.BigInteger::implMontgomerySquare (19 bytes)
Event: 11.621 Thread 0x000002347f4f9be0 nmethod 8703 0x000002346daa6010 code [0x000002346daa61c0, 0x000002346daa6338]
Event: 11.621 Thread 0x000002347f4f9be0 8704       3       java.math.BigInteger::squareToLen (33 bytes)
Event: 11.622 Thread 0x000002347f4f9be0 nmethod 8704 0x000002346daa6410 code [0x000002346daa65c0, 0x000002346daa6878]
Event: 11.622 Thread 0x000002347f4f9be0 8705       3       java.math.BigInteger::implSquareToLenChecks (206 bytes)
Event: 11.623 Thread 0x000002347f4f9be0 nmethod 8705 0x000002346daa6990 code [0x000002346daa6ea0, 0x000002346daa8e78]
Event: 11.628 Thread 0x000002347f4f9be0 8706       3       java.math.BigInteger::multiplyToLenCheck (28 bytes)
Event: 11.628 Thread 0x000002347f4f9be0 nmethod 8706 0x000002346daa9990 code [0x000002346daa9b60, 0x000002346daa9f38]
Event: 11.644 Thread 0x000002347f4f9be0 8707       3       java.util.regex.ASCII::toLower (16 bytes)
Event: 11.645 Thread 0x000002347f4f9be0 nmethod 8707 0x000002346daaa110 code [0x000002346daaa2a0, 0x000002346daaa498]
Event: 11.645 Thread 0x000002347f4f9be0 8708       3       java.util.regex.ASCII::isUpper (18 bytes)
Event: 11.645 Thread 0x000002347f4f9be0 nmethod 8708 0x000002346daaa590 code [0x000002346daaa720, 0x000002346daaa878]
Event: 11.647 Thread 0x000002347f4f9be0 8709       3       sun.security.util.SignatureFileVerifier::updateSigners (132 bytes)
Event: 11.648 Thread 0x000002347f4f9be0 nmethod 8709 0x000002346daaa910 code [0x000002346daaabc0, 0x000002346daabdb8]
Event: 11.648 Thread 0x000002347f4f9be0 8710       3       sun.security.util.SignatureFileVerifier::matches (93 bytes)
Event: 11.649 Thread 0x000002347f4f9be0 nmethod 8710 0x000002346daac410 code [0x000002346daac640, 0x000002346daacef8]
Event: 11.649 Thread 0x000002347f4f9be0 8711       3       sun.security.util.SecurityProviderConstants::getAliases (65 bytes)
Event: 11.649 Thread 0x000002347f4f9be0 nmethod 8711 0x000002346daad210 code [0x000002346daad480, 0x000002346daadda8]

GC Heap History (20 events):
Event: 8.918 GC heap after
{Heap after GC invocations=16 (full 0):
 garbage-first heap   total 81920K, used 47994K [0x0000000080000000, 0x0000000100000000)
  region size 1024K, 2 young (2048K), 2 survivors (2048K)
 Metaspace       used 47944K, committed 48512K, reserved 471040K
  class space    used 6713K, committed 6976K, reserved 421888K
}
Event: 9.222 GC heap before
{Heap before GC invocations=17 (full 0):
 garbage-first heap   total 87040K, used 67450K [0x0000000080000000, 0x0000000100000000)
  region size 1024K, 21 young (21504K), 2 survivors (2048K)
 Metaspace       used 49982K, committed 50496K, reserved 471040K
  class space    used 7005K, committed 7232K, reserved 421888K
}
Event: 9.224 GC heap after
{Heap after GC invocations=18 (full 0):
 garbage-first heap   total 87040K, used 49147K [0x0000000080000000, 0x0000000100000000)
  region size 1024K, 3 young (3072K), 3 survivors (3072K)
 Metaspace       used 49982K, committed 50496K, reserved 471040K
  class space    used 7005K, committed 7232K, reserved 421888K
}
Event: 9.411 GC heap before
{Heap before GC invocations=18 (full 0):
 garbage-first heap   total 87040K, used 70651K [0x0000000080000000, 0x0000000100000000)
  region size 1024K, 24 young (24576K), 3 survivors (3072K)
 Metaspace       used 52808K, committed 53376K, reserved 471040K
  class space    used 7370K, committed 7616K, reserved 421888K
}
Event: 9.414 GC heap after
{Heap after GC invocations=19 (full 0):
 garbage-first heap   total 104448K, used 50573K [0x0000000080000000, 0x0000000100000000)
  region size 1024K, 3 young (3072K), 3 survivors (3072K)
 Metaspace       used 52808K, committed 53376K, reserved 471040K
  class space    used 7370K, committed 7616K, reserved 421888K
}
Event: 9.790 GC heap before
{Heap before GC invocations=20 (full 0):
 garbage-first heap   total 104448K, used 80269K [0x0000000080000000, 0x0000000100000000)
  region size 1024K, 33 young (33792K), 3 survivors (3072K)
 Metaspace       used 55544K, committed 56128K, reserved 471040K
  class space    used 7730K, committed 8000K, reserved 421888K
}
Event: 9.793 GC heap after
{Heap after GC invocations=21 (full 0):
 garbage-first heap   total 104448K, used 52327K [0x0000000080000000, 0x0000000100000000)
  region size 1024K, 5 young (5120K), 5 survivors (5120K)
 Metaspace       used 55544K, committed 56128K, reserved 471040K
  class space    used 7730K, committed 8000K, reserved 421888K
}
Event: 9.803 GC heap before
{Heap before GC invocations=21 (full 0):
 garbage-first heap   total 104448K, used 53351K [0x0000000080000000, 0x0000000100000000)
  region size 1024K, 6 young (6144K), 5 survivors (5120K)
 Metaspace       used 55703K, committed 56256K, reserved 471040K
  class space    used 7759K, committed 8000K, reserved 421888K
}
Event: 9.806 GC heap after
{Heap after GC invocations=22 (full 0):
 garbage-first heap   total 104448K, used 52341K [0x0000000080000000, 0x0000000100000000)
  region size 1024K, 1 young (1024K), 1 survivors (1024K)
 Metaspace       used 55703K, committed 56256K, reserved 471040K
  class space    used 7759K, committed 8000K, reserved 421888K
}
Event: 10.108 GC heap before
{Heap before GC invocations=22 (full 0):
 garbage-first heap   total 104448K, used 83061K [0x0000000080000000, 0x0000000100000000)
  region size 1024K, 31 young (31744K), 1 survivors (1024K)
 Metaspace       used 57693K, committed 58304K, reserved 479232K
  class space    used 8073K, committed 8384K, reserved 421888K
}
Event: 10.110 GC heap after
{Heap after GC invocations=23 (full 0):
 garbage-first heap   total 104448K, used 54092K [0x0000000080000000, 0x0000000100000000)
  region size 1024K, 3 young (3072K), 3 survivors (3072K)
 Metaspace       used 57693K, committed 58304K, reserved 479232K
  class space    used 8073K, committed 8384K, reserved 421888K
}
Event: 10.535 GC heap before
{Heap before GC invocations=24 (full 0):
 garbage-first heap   total 104448K, used 82764K [0x0000000080000000, 0x0000000100000000)
  region size 1024K, 32 young (32768K), 3 survivors (3072K)
 Metaspace       used 59754K, committed 60416K, reserved 479232K
  class space    used 8389K, committed 8704K, reserved 421888K
}
Event: 10.539 GC heap after
{Heap after GC invocations=25 (full 0):
 garbage-first heap   total 104448K, used 57247K [0x0000000080000000, 0x0000000100000000)
  region size 1024K, 4 young (4096K), 4 survivors (4096K)
 Metaspace       used 59754K, committed 60416K, reserved 479232K
  class space    used 8389K, committed 8704K, reserved 421888K
}
Event: 10.549 GC heap before
{Heap before GC invocations=25 (full 0):
 garbage-first heap   total 104448K, used 58271K [0x0000000080000000, 0x0000000100000000)
  region size 1024K, 5 young (5120K), 4 survivors (4096K)
 Metaspace       used 59792K, committed 60480K, reserved 479232K
  class space    used 8391K, committed 8704K, reserved 421888K
}
Event: 10.552 GC heap after
{Heap after GC invocations=26 (full 0):
 garbage-first heap   total 104448K, used 57324K [0x0000000080000000, 0x0000000100000000)
  region size 1024K, 1 young (1024K), 1 survivors (1024K)
 Metaspace       used 59792K, committed 60480K, reserved 479232K
  class space    used 8391K, committed 8704K, reserved 421888K
}
Event: 10.857 GC heap before
{Heap before GC invocations=26 (full 0):
 garbage-first heap   total 104448K, used 83948K [0x0000000080000000, 0x0000000100000000)
  region size 1024K, 27 young (27648K), 1 survivors (1024K)
 Metaspace       used 61993K, committed 62592K, reserved 479232K
  class space    used 8666K, committed 8960K, reserved 421888K
}
Event: 10.860 GC heap after
{Heap after GC invocations=27 (full 0):
 garbage-first heap   total 104448K, used 59777K [0x0000000080000000, 0x0000000100000000)
  region size 1024K, 4 young (4096K), 4 survivors (4096K)
 Metaspace       used 61993K, committed 62592K, reserved 479232K
  class space    used 8666K, committed 8960K, reserved 421888K
}
Event: 11.178 GC heap before
{Heap before GC invocations=28 (full 0):
 garbage-first heap   total 112640K, used 85377K [0x0000000080000000, 0x0000000100000000)
  region size 1024K, 28 young (28672K), 4 survivors (4096K)
 Metaspace       used 63624K, committed 64256K, reserved 479232K
  class space    used 8864K, committed 9152K, reserved 421888K
}
Event: 11.182 GC heap after
{Heap after GC invocations=29 (full 0):
 garbage-first heap   total 112640K, used 65892K [0x0000000080000000, 0x0000000100000000)
  region size 1024K, 4 young (4096K), 4 survivors (4096K)
 Metaspace       used 63624K, committed 64256K, reserved 479232K
  class space    used 8864K, committed 9152K, reserved 421888K
}
Event: 11.653 GC heap before
{Heap before GC invocations=29 (full 0):
 garbage-first heap   total 112640K, used 90468K [0x0000000080000000, 0x0000000100000000)
  region size 1024K, 29 young (29696K), 4 survivors (4096K)
 Metaspace       used 67894K, committed 68608K, reserved 487424K
  class space    used 9332K, committed 9664K, reserved 421888K
}

Deoptimization events (20 events):
Event: 11.650 Thread 0x000002340588b1b0 Uncommon trap: trap_request=0xffffff45 fr.pc=0x0000023474762374 relative=0x0000000000000074
Event: 11.650 Thread 0x000002340588b1b0 Uncommon trap: reason=unstable_if action=reinterpret pc=0x0000023474762374 method=java.security.CodeSource.getCertificates()[Ljava/security/cert/Certificate; @ 22 c2
Event: 11.650 Thread 0x000002340588b1b0 DEOPT PACKING pc=0x0000023474762374 sp=0x0000009f686f32d0
Event: 11.650 Thread 0x000002340588b1b0 DEOPT UNPACKING pc=0x00000234740d5ba3 sp=0x0000009f686f3258 mode 2
Event: 11.650 Thread 0x000002340588b1b0 Uncommon trap: trap_request=0xffffff45 fr.pc=0x000002347471b01c relative=0x000000000000007c
Event: 11.650 Thread 0x000002340588b1b0 Uncommon trap: reason=unstable_if action=reinterpret pc=0x000002347471b01c method=java.util.jar.JarFile.maybeInstantiateVerifier()V @ 4 c2
Event: 11.650 Thread 0x000002340588b1b0 DEOPT PACKING pc=0x000002347471b01c sp=0x0000009f686f1a40
Event: 11.650 Thread 0x000002340588b1b0 DEOPT UNPACKING pc=0x00000234740d5ba3 sp=0x0000009f686f19d0 mode 2
Event: 11.650 Thread 0x000002340588b1b0 Uncommon trap: trap_request=0xffffff45 fr.pc=0x000002347487d694 relative=0x00000000000001f4
Event: 11.650 Thread 0x000002340588b1b0 Uncommon trap: reason=unstable_if action=reinterpret pc=0x000002347487d694 method=java.util.jar.JarFile.maybeInstantiateVerifier()V @ 4 c2
Event: 11.650 Thread 0x000002340588b1b0 DEOPT PACKING pc=0x000002347487d694 sp=0x0000009f686f1ab0
Event: 11.650 Thread 0x000002340588b1b0 DEOPT UNPACKING pc=0x00000234740d5ba3 sp=0x0000009f686f1a08 mode 2
Event: 11.650 Thread 0x000002340588b1b0 Uncommon trap: trap_request=0xffffff45 fr.pc=0x00000234748a8ef8 relative=0x00000000000015f8
Event: 11.650 Thread 0x000002340588b1b0 Uncommon trap: reason=unstable_if action=reinterpret pc=0x00000234748a8ef8 method=java.security.CodeSource.matchCerts(Ljava/security/CodeSource;Z)Z @ 11 c2
Event: 11.650 Thread 0x000002340588b1b0 DEOPT PACKING pc=0x00000234748a8ef8 sp=0x0000009f686f1a90
Event: 11.650 Thread 0x000002340588b1b0 DEOPT UNPACKING pc=0x00000234740d5ba3 sp=0x0000009f686f1900 mode 2
Event: 11.651 Thread 0x000002340588b1b0 Uncommon trap: trap_request=0xffffff45 fr.pc=0x0000023474817b44 relative=0x0000000000001104
Event: 11.651 Thread 0x000002340588b1b0 Uncommon trap: reason=unstable_if action=reinterpret pc=0x0000023474817b44 method=java.security.CodeSource.getCertificates()[Ljava/security/cert/Certificate; @ 4 c2
Event: 11.651 Thread 0x000002340588b1b0 DEOPT PACKING pc=0x0000023474817b44 sp=0x0000009f686f19d0
Event: 11.651 Thread 0x000002340588b1b0 DEOPT UNPACKING pc=0x00000234740d5ba3 sp=0x0000009f686f1950 mode 2

Classes unloaded (0 events):
No events

Classes redefined (0 events):
No events

Internal exceptions (20 events):
Event: 9.870 Thread 0x000002340588b1b0 Exception <a 'java/lang/ClassNotFoundException'{0x0000000085b54918}: org/gradle/api/internal/artifacts/DefaultArtifactRepositoryContainerCustomizer> (0x0000000085b54918) 
thrown [s\open\src\hotspot\share\classfile\systemDictionary.cpp, line 256]
Event: 9.870 Thread 0x000002340588b1b0 Exception <a 'java/lang/ClassNotFoundException'{0x0000000085b7edf0}: org/gradle/api/internal/artifacts/dsl/DefaultRepositoryHandlerCustomizer> (0x0000000085b7edf0) 
thrown [s\open\src\hotspot\share\classfile\systemDictionary.cpp, line 256]
Event: 9.871 Thread 0x000002340588b1b0 Exception <a 'java/lang/ClassNotFoundException'{0x0000000085bb6bc8}: org/gradle/api/internal/artifacts/dsl/DefaultRepositoryHandler_DecoratedCustomizer> (0x0000000085bb6bc8) 
thrown [s\open\src\hotspot\share\classfile\systemDictionary.cpp, line 256]
Event: 9.876 Thread 0x000002340588b1b0 Exception <a 'java/lang/ClassNotFoundException'{0x0000000085a48a38}: org/gradle/api/internal/artifacts/dsl/dependencies/DefaultDependencyHandler_DecoratedBeanInfo> (0x0000000085a48a38) 
thrown [s\open\src\hotspot\share\classfile\systemDictionary.cpp, line 256]
Event: 9.876 Thread 0x000002340588b1b0 Exception <a 'java/lang/ClassNotFoundException'{0x0000000085a608a0}: org/gradle/api/internal/artifacts/dsl/dependencies/DefaultDependencyHandlerBeanInfo> (0x0000000085a608a0) 
thrown [s\open\src\hotspot\share\classfile\systemDictionary.cpp, line 256]
Event: 9.876 Thread 0x000002340588b1b0 Exception <a 'java/lang/ClassNotFoundException'{0x0000000085a78178}: org/gradle/api/internal/artifacts/dsl/dependencies/DefaultDependencyHandlerCustomizer> (0x0000000085a78178) 
thrown [s\open\src\hotspot\share\classfile\systemDictionary.cpp, line 256]
Event: 9.877 Thread 0x000002340588b1b0 Exception <a 'java/lang/ClassNotFoundException'{0x0000000085ab7058}: org/gradle/api/internal/artifacts/dsl/dependencies/DefaultDependencyHandler_DecoratedCustomizer> (0x0000000085ab7058) 
thrown [s\open\src\hotspot\share\classfile\systemDictionary.cpp, line 256]
Event: 10.235 Thread 0x000002340588b1b0 Exception <a 'java/lang/NoSuchMethodError'{0x00000000860db118}: 'java.lang.Object java.lang.invoke.DirectMethodHandle$Holder.newInvokeSpecial(java.lang.Object, java.lang.Object, java.lang.Object, java.lang.Object, java.lang.Object, java.lang.Object, java.lang.Object, java.lang.Object, java.lang.Object)'> (0x00000000860db118) 
thrown [s\open\src\hotspot\share\interpreter\linkResolver.cpp, line 759]
Event: 10.236 Thread 0x000002340588b1b0 Exception <a 'java/lang/NoSuchMethodError'{0x00000000860e0db8}: 'java.lang.Object java.lang.invoke.Invokers$Holder.linkToTargetMethod(java.lang.Object, java.lang.Object, java.lang.Object, java.lang.Object, java.lang.Object, java.lang.Object, java.lang.Object, java.lang.Object, java.lang.Object)'> (0x00000000860e0db8) 
thrown [s\open\src\hotspot\share\interpreter\linkResolver.cpp, line 759]
Event: 10.424 Thread 0x0000023408163530 Exception <a 'java/lang/NoSuchMethodError'{0x00000000852944f8}: 'java.lang.Object java.lang.invoke.DirectMethodHandle$Holder.newInvokeSpecial(java.lang.Object, java.lang.Object, java.lang.Object, java.lang.Object, int, java.lang.Object)'> (0x00000000852944f8) 
thrown [s\open\src\hotspot\share\interpreter\linkResolver.cpp, line 759]
Event: 10.424 Thread 0x0000023408163530 Exception <a 'java/lang/NoSuchMethodError'{0x0000000085298570}: 'java.lang.Object java.lang.invoke.Invokers$Holder.linkToTargetMethod(java.lang.Object, java.lang.Object, java.lang.Object, int, java.lang.Object, java.lang.Object)'> (0x0000000085298570) 
thrown [s\open\src\hotspot\share\interpreter\linkResolver.cpp, line 759]
Event: 10.433 Thread 0x0000023408163530 Exception <a 'java/lang/NoSuchMethodError'{0x00000000851066a0}: 'void java.lang.invoke.DirectMethodHandle$Holder.invokeInterface(java.lang.Object, java.lang.Object, java.lang.Object, java.lang.Object)'> (0x00000000851066a0) 
thrown [s\open\src\hotspot\share\interpreter\linkResolver.cpp, line 759]
Event: 10.463 Thread 0x0000023408163530 Exception <a 'java/lang/NoSuchMethodError'{0x00000000850e6cb8}: 'int java.lang.invoke.DirectMethodHandle$Holder.invokeSpecial(java.lang.Object, java.lang.Object, java.lang.Object, java.lang.Object, java.lang.Object)'> (0x00000000850e6cb8) 
thrown [s\open\src\hotspot\share\interpreter\linkResolver.cpp, line 759]
Event: 10.806 Thread 0x0000023408163530 Exception <a 'sun/nio/fs/WindowsException'{0x00000000851b1ee8}> (0x00000000851b1ee8) 
thrown [s\open\src\hotspot\share\prims\jni.cpp, line 516]
Event: 10.807 Thread 0x0000023408163530 Exception <a 'sun/nio/fs/WindowsException'{0x00000000851b4308}> (0x00000000851b4308) 
thrown [s\open\src\hotspot\share\prims\jni.cpp, line 516]
Event: 10.807 Thread 0x0000023408163530 Exception <a 'sun/nio/fs/WindowsException'{0x00000000851b6560}> (0x00000000851b6560) 
thrown [s\open\src\hotspot\share\prims\jni.cpp, line 516]
Event: 10.807 Thread 0x0000023408163530 Exception <a 'sun/nio/fs/WindowsException'{0x00000000851b8418}> (0x00000000851b8418) 
thrown [s\open\src\hotspot\share\prims\jni.cpp, line 516]
Event: 10.962 Thread 0x000002340588b1b0 Exception <a 'java/lang/ClassNotFoundException'{0x0000000086999d00}: build_55tmat0yu4uz840977msmui6lBeanInfo> (0x0000000086999d00) 
thrown [s\open\src\hotspot\share\classfile\systemDictionary.cpp, line 256]
Event: 10.962 Thread 0x000002340588b1b0 Exception <a 'java/lang/ClassNotFoundException'{0x00000000869a0870}: build_55tmat0yu4uz840977msmui6lCustomizer> (0x00000000869a0870) 
thrown [s\open\src\hotspot\share\classfile\systemDictionary.cpp, line 256]
Event: 11.571 Thread 0x000002340588b1b0 Implicit null exception at 0x00000234747dd40c to 0x00000234747dd542

VM Operations (20 events):
Event: 10.803 Executing VM operation: HandshakeAllThreads done
Event: 10.806 Executing VM operation: HandshakeAllThreads
Event: 10.806 Executing VM operation: HandshakeAllThreads done
Event: 10.857 Executing VM operation: G1CollectForAllocation
Event: 10.860 Executing VM operation: G1CollectForAllocation done
Event: 10.900 Executing VM operation: G1Concurrent
Event: 10.903 Executing VM operation: G1Concurrent done
Event: 10.920 Executing VM operation: G1Concurrent
Event: 10.920 Executing VM operation: G1Concurrent done
Event: 11.178 Executing VM operation: G1CollectForAllocation
Event: 11.182 Executing VM operation: G1CollectForAllocation done
Event: 11.344 Executing VM operation: HandshakeAllThreads
Event: 11.344 Executing VM operation: HandshakeAllThreads done
Event: 11.345 Executing VM operation: HandshakeAllThreads
Event: 11.346 Executing VM operation: HandshakeAllThreads done
Event: 11.526 Executing VM operation: HandshakeAllThreads
Event: 11.526 Executing VM operation: HandshakeAllThreads done
Event: 11.583 Executing VM operation: HandshakeAllThreads
Event: 11.583 Executing VM operation: HandshakeAllThreads done
Event: 11.653 Executing VM operation: G1CollectForAllocation

Events (20 events):
Event: 11.612 loading class java/security/cert/CertPathValidatorException$BasicReason
Event: 11.612 loading class java/security/cert/CertPathValidatorException$Reason
Event: 11.612 loading class java/security/cert/CertPathValidatorException$Reason done
Event: 11.612 loading class java/security/cert/CertPathValidatorException$BasicReason done
Event: 11.612 loading class java/security/SignatureException
Event: 11.612 loading class java/security/SignatureException done
Event: 11.616 loading class sun/security/rsa/RSASignature$SHA256withRSA
Event: 11.616 loading class sun/security/rsa/RSASignature$SHA256withRSA done
Event: 11.617 loading class sun/security/provider/DSA$SHA256withDSA
Event: 11.617 loading class sun/security/provider/DSA$SHA256withDSA done
Event: 11.645 loading class java/util/Base64
Event: 11.646 loading class java/util/Base64 done
Event: 11.646 loading class java/util/Base64$Decoder
Event: 11.646 loading class java/util/Base64$Decoder done
Event: 11.646 loading class java/util/Base64$Encoder
Event: 11.647 loading class java/util/Base64$Encoder done
Event: 11.648 loading class java/util/jar/JarVerifier$VerifierStream
Event: 11.648 loading class java/util/jar/JarVerifier$VerifierStream done
Event: 11.648 loading class sun/security/util/ManifestEntryVerifier$SunProviderHolder
Event: 11.648 loading class sun/security/util/ManifestEntryVerifier$SunProviderHolder done


Dynamic libraries:
0x00007ff751000000 - 0x00007ff751010000 	D:\javajdk17\bin\java.exe
0x00007ffd7ac10000 - 0x00007ffd7ae07000 	C:\WINDOWS\SYSTEM32\ntdll.dll
0x00007ffd79040000 - 0x00007ffd790fd000 	C:\WINDOWS\System32\KERNEL32.DLL
0x00007ffd78360000 - 0x00007ffd78656000 	C:\WINDOWS\System32\KERNELBASE.dll
0x00007ffd78940000 - 0x00007ffd78a40000 	C:\WINDOWS\System32\ucrtbase.dll
0x00007ffd38fa0000 - 0x00007ffd38fb9000 	D:\javajdk17\bin\jli.dll
0x00007ffd35440000 - 0x00007ffd3545b000 	D:\javajdk17\bin\VCRUNTIME140.dll
0x00007ffd79870000 - 0x00007ffd7991e000 	C:\WINDOWS\System32\ADVAPI32.dll
0x00007ffd7a450000 - 0x00007ffd7a4ee000 	C:\WINDOWS\System32\msvcrt.dll
0x00007ffd7a870000 - 0x00007ffd7a90c000 	C:\WINDOWS\System32\sechost.dll
0x00007ffd7a710000 - 0x00007ffd7a836000 	C:\WINDOWS\System32\RPCRT4.dll
0x00007ffd78dc0000 - 0x00007ffd78f5e000 	C:\WINDOWS\System32\USER32.dll
0x00007ffd787f0000 - 0x00007ffd78812000 	C:\WINDOWS\System32\win32u.dll
0x00007ffd7ab70000 - 0x00007ffd7ab9c000 	C:\WINDOWS\System32\GDI32.dll
0x00007ffd5ab60000 - 0x00007ffd5adfa000 	C:\WINDOWS\WinSxS\amd64_microsoft.windows.common-controls_6595b64144ccf1df_6.0.19041.3570_none_60bb2a3971f3e41a\COMCTL32.dll
0x00007ffd78820000 - 0x00007ffd7893a000 	C:\WINDOWS\System32\gdi32full.dll
0x00007ffd782c0000 - 0x00007ffd7835d000 	C:\WINDOWS\System32\msvcp_win.dll
0x00007ffd6e1c0000 - 0x00007ffd6e1ca000 	C:\WINDOWS\SYSTEM32\VERSION.dll
0x00007ffd7a840000 - 0x00007ffd7a870000 	C:\WINDOWS\System32\IMM32.DLL
0x00007ffd61300000 - 0x00007ffd6130c000 	D:\javajdk17\bin\vcruntime140_1.dll
0x00007ffd1eb70000 - 0x00007ffd1ebfe000 	D:\javajdk17\bin\msvcp140.dll
0x00007ffd05820000 - 0x00007ffd063fd000 	D:\javajdk17\bin\server\jvm.dll
0x00007ffd79100000 - 0x00007ffd79108000 	C:\WINDOWS\System32\PSAPI.DLL
0x00007ffd5a6f0000 - 0x00007ffd5a717000 	C:\WINDOWS\SYSTEM32\WINMM.dll
0x00007ffd5cc70000 - 0x00007ffd5cc79000 	C:\WINDOWS\SYSTEM32\WSOCK32.dll
0x00007ffd7a6a0000 - 0x00007ffd7a70b000 	C:\WINDOWS\System32\WS2_32.dll
0x00007ffd76b40000 - 0x00007ffd76b52000 	C:\WINDOWS\SYSTEM32\kernel.appcore.dll
0x00007ffd5c930000 - 0x00007ffd5c93a000 	D:\javajdk17\bin\jimage.dll
0x00007ffd76810000 - 0x00007ffd769f4000 	C:\WINDOWS\SYSTEM32\DBGHELP.DLL
0x00007ffd56060000 - 0x00007ffd56094000 	C:\WINDOWS\SYSTEM32\dbgcore.DLL
0x00007ffd78a90000 - 0x00007ffd78b12000 	C:\WINDOWS\System32\bcryptPrimitives.dll
0x00007ffd2b280000 - 0x00007ffd2b2a5000 	D:\javajdk17\bin\java.dll
0x00007ffd1cdb0000 - 0x00007ffd1ce87000 	D:\javajdk17\bin\jsvml.dll
0x00007ffd79120000 - 0x00007ffd79864000 	C:\WINDOWS\System32\SHELL32.dll
0x00007ffd75fa0000 - 0x00007ffd7673b000 	C:\WINDOWS\SYSTEM32\windows.storage.dll
0x00007ffd799d0000 - 0x00007ffd79d24000 	C:\WINDOWS\System32\combase.dll
0x00007ffd77d00000 - 0x00007ffd77d2d000 	C:\WINDOWS\SYSTEM32\Wldp.dll
0x00007ffd79920000 - 0x00007ffd799cd000 	C:\WINDOWS\System32\SHCORE.dll
0x00007ffd79d30000 - 0x00007ffd79d85000 	C:\WINDOWS\System32\shlwapi.dll
0x00007ffd781f0000 - 0x00007ffd78215000 	C:\WINDOWS\SYSTEM32\profapi.dll
0x00007ffd351f0000 - 0x00007ffd35209000 	D:\javajdk17\bin\net.dll
0x00007ffd6d290000 - 0x00007ffd6d39a000 	C:\WINDOWS\SYSTEM32\WINHTTP.dll
0x00007ffd77990000 - 0x00007ffd779fa000 	C:\WINDOWS\system32\mswsock.dll
0x00007ffd34f90000 - 0x00007ffd34fa6000 	D:\javajdk17\bin\nio.dll
0x00007ffd2e030000 - 0x00007ffd2e048000 	D:\javajdk17\bin\zip.dll
0x00007ffd725b0000 - 0x00007ffd725c0000 	D:\javajdk17\bin\verify.dll
0x00007ffd6e950000 - 0x00007ffd6e977000 	C:\Users\blues\.gradle\native\68d5fa5c4cc2d200863cafc0d521ce42e7d3e7ee720ec0a83991735586a16f82\windows-amd64\native-platform.dll
0x00007ffd2b970000 - 0x00007ffd2bab4000 	C:\Users\blues\.gradle\native\e376f236ea51e6404a007f0833ffe2c6e607c4080706a723a18a27aeea778392\windows-amd64\native-platform-file-events.dll
0x00007ffd57d90000 - 0x00007ffd57d9a000 	D:\javajdk17\bin\management.dll
0x00007ffd56f60000 - 0x00007ffd56f6b000 	D:\javajdk17\bin\management_ext.dll
0x00007ffd77bf0000 - 0x00007ffd77c08000 	C:\WINDOWS\SYSTEM32\CRYPTSP.dll
0x00007ffd772a0000 - 0x00007ffd772d4000 	C:\WINDOWS\system32\rsaenh.dll
0x00007ffd78660000 - 0x00007ffd78687000 	C:\WINDOWS\System32\bcrypt.dll
0x00007ffd78170000 - 0x00007ffd7819e000 	C:\WINDOWS\SYSTEM32\USERENV.dll
0x00007ffd77be0000 - 0x00007ffd77bec000 	C:\WINDOWS\SYSTEM32\CRYPTBASE.dll
0x00007ffd77680000 - 0x00007ffd776bb000 	C:\WINDOWS\SYSTEM32\IPHLPAPI.DLL
0x00007ffd7a310000 - 0x00007ffd7a318000 	C:\WINDOWS\System32\NSI.dll
0x00007ffd6e3c0000 - 0x00007ffd6e3d7000 	C:\WINDOWS\SYSTEM32\dhcpcsvc6.DLL
0x00007ffd6e310000 - 0x00007ffd6e32d000 	C:\WINDOWS\SYSTEM32\dhcpcsvc.DLL
0x00007ffd776c0000 - 0x00007ffd7778a000 	C:\WINDOWS\SYSTEM32\DNSAPI.dll
0x00007ffd56e60000 - 0x00007ffd56e6d000 	D:\javajdk17\bin\sunmscapi.dll
0x00007ffd78690000 - 0x00007ffd787ed000 	C:\WINDOWS\System32\CRYPT32.dll
0x00007ffd77d70000 - 0x00007ffd77d97000 	C:\WINDOWS\SYSTEM32\ncrypt.dll
0x00007ffd77d30000 - 0x00007ffd77d6b000 	C:\WINDOWS\SYSTEM32\NTASN1.dll
0x00007ffd5c150000 - 0x00007ffd5c157000 	C:\WINDOWS\system32\wshunix.dll

dbghelp: loaded successfully - version: 4.0.5 - missing functions: none
symbol engine: initialized successfully - sym options: 0x614 - pdb path: .;D:\javajdk17\bin;C:\WINDOWS\SYSTEM32;C:\WINDOWS\WinSxS\amd64_microsoft.windows.common-controls_6595b64144ccf1df_6.0.19041.3570_none_60bb2a3971f3e41a;D:\javajdk17\bin\server;C:\Users\blues\.gradle\native\68d5fa5c4cc2d200863cafc0d521ce42e7d3e7ee720ec0a83991735586a16f82\windows-amd64;C:\Users\blues\.gradle\native\e376f236ea51e6404a007f0833ffe2c6e607c4080706a723a18a27aeea778392\windows-amd64

VM Arguments:
jvm_args: -XX:MaxMetaspaceSize=512m --add-opens=java.base/java.util=ALL-UNNAMED --add-opens=java.base/java.lang=ALL-UNNAMED --add-opens=java.base/java.lang.invoke=ALL-UNNAMED --add-opens=java.prefs/java.util.prefs=ALL-UNNAMED --add-opens=java.base/java.nio.charset=ALL-UNNAMED --add-opens=java.base/java.net=ALL-UNNAMED --add-opens=java.base/java.util.concurrent.atomic=ALL-UNNAMED -Xmx2048m -Dfile.encoding=windows-1252 -Duser.country=GB -Duser.language=en -Duser.variant 
java_command: org.gradle.launcher.daemon.bootstrap.GradleDaemon 8.0.1
java_class_path (initial): C:\Users\blues\.gradle\wrapper\dists\gradle-8.0.1-all\aro4hu1c3oeioove7l0i4i14o\gradle-8.0.1\lib\gradle-launcher-8.0.1.jar
Launcher Type: SUN_STANDARD

[Global flags]
     intx CICompilerCount                          = 4                                         {product} {ergonomic}
   size_t CompressedClassSpaceSize                 = 432013312                                 {product} {ergonomic}
     uint ConcGCThreads                            = 2                                         {product} {ergonomic}
     uint G1ConcRefinementThreads                  = 8                                         {product} {ergonomic}
   size_t G1HeapRegionSize                         = 1048576                                   {product} {ergonomic}
    uintx GCDrainStackTargetSize                   = 64                                        {product} {ergonomic}
   size_t InitialHeapSize                          = 199229440                                 {product} {ergonomic}
   size_t MarkStackSize                            = 4194304                                   {product} {ergonomic}
   size_t MaxHeapSize                              = 2147483648                                {product} {command line}
   size_t MaxMetaspaceSize                         = 536870912                                 {product} {command line}
   size_t MaxNewSize                               = 1287651328                                {product} {ergonomic}
   size_t MinHeapDeltaBytes                        = 1048576                                   {product} {ergonomic}
   size_t MinHeapSize                              = 8388608                                   {product} {ergonomic}
    uintx NonNMethodCodeHeapSize                   = 5839372                                {pd product} {ergonomic}
    uintx NonProfiledCodeHeapSize                  = 122909434                              {pd product} {ergonomic}
    uintx ProfiledCodeHeapSize                     = 122909434                              {pd product} {ergonomic}
    uintx ReservedCodeCacheSize                    = 251658240                              {pd product} {ergonomic}
     bool SegmentedCodeCache                       = true                                      {product} {ergonomic}
   size_t SoftMaxHeapSize                          = 2147483648                             {manageable} {ergonomic}
     bool UseCompressedClassPointers               = true                           {product lp64_product} {ergonomic}
     bool UseCompressedOops                        = true                           {product lp64_product} {ergonomic}
     bool UseG1GC                                  = true                                      {product} {ergonomic}
     bool UseLargePagesIndividualAllocation        = false                                  {pd product} {ergonomic}

Logging:
Log output configuration:
 #0: stdout all=warning uptime,level,tags
 #1: stderr all=off uptime,level,tags

Environment Variables:
JAVA_HOME=D:\javajdk17
CLASSPATH=D:\git\ReactNativeStreaming\android\\gradle\wrapper\gradle-wrapper.jar
PATH=D:\git\ReactNativeStreaming\node_modules\.bin;D:\git\ReactNativeStreaming\node_modules\.bin;D:\git\node_modules\.bin;D:\node_modules\.bin;D:\nodejs\node_modules\npm\node_modules\@npmcli\run-script\lib\node-gyp-bin;D:\git\ReactNativeStreaming\node_modules\.bin;D:\git\node_modules\.bin;D:\node_modules\.bin;D:\nodejs\node_modules\npm\node_modules\@npmcli\run-script\lib\node-gyp-bin;C:\Python311\Scripts\;C:\Python311\;C:\Program Files\Common Files\Oracle\Java\javapath;C:\Program Files (x86)\Common Files\Oracle\Java\javapath;C:\windows\system32;C:\windows;C:\windows\System32\Wbem;C:\windows\System32\WindowsPowerShell\v1.0\;C:\windows\System32\OpenSSH\;C:\Program Files (x86)\NVIDIA Corporation\PhysX\Common;C:\Program Files\NVIDIA Corporation\NVIDIA NvDLISR;C:\WINDOWS\system32;C:\WINDOWS;C:\WINDOWS\System32\Wbem;C:\WINDOWS\System32\WindowsPowerShell\v1.0\;C:\WINDOWS\System32\OpenSSH\;C:\Program Files\Git\cmd;D:\ffmpeg-app;C:\Program Files\dotnet\;D:\mpv;C:\Program Files\Cloudflare\Cloudflare WARP\;D:\androidsdk;C:\ProgramData\chocolatey\bin;D:\javajdk17;C:\Program Files\Microsoft SQL Server\150\Tools\Binn\;C:\Program Files\Microsoft SQL Server\Client SDK\ODBC\170\Tools\Binn\;C:\Program Files (x86)\Microsoft SQL Server\160\Tools\Binn\;C:\Program Files\Microsoft SQL Server\160\Tools\Binn\;C:\Program Files\Microsoft SQL Server\160\DTS\Binn\;C:\Program Files (x86)\Microsoft SQL Server\160\DTS\Binn\;C:\Program Files\Azure Data Studio\bin;C:\Program Files (x86)\Windows Kits\10\Windows Performance Toolkit\;D:\vlc\install\VLC;D:\nodejs\;C:\Users\blues\AppData\Local\Microsoft\WindowsApps;C:\Users\blues\AppData\Local\Programs\Microsoft VS Code\bin;C:\Users\blues\.dotnet\tools;C:\Users\blues\AppData\Local\GitHubDesktop\bin;D:\androidsdk;D:\javajdk17;;C:\Program Files\Azure Data Studio\bin;C:\Users\blues\AppData\Roaming\npm
USERNAME=tue-hp
LANG=en_US.UTF-8
OS=Windows_NT
PROCESSOR_IDENTIFIER=Intel64 Family 6 Model 126 Stepping 5, GenuineIntel



---------------  S Y S T E M  ---------------

OS:
 Windows 10 , 64 bit Build 19041 (10.0.19041.3570)
OS uptime: 2 days 7:49 hours

CPU: total 8 (initial active 8) (4 cores per cpu, 2 threads per core) family 6 model 126 stepping 5 microcode 0x56, cx8, cmov, fxsr, ht, mmx, 3dnowpref, sse, sse2, sse3, ssse3, sse4.1, sse4.2, popcnt, lzcnt, tsc, tscinvbit, avx, avx2, aes, erms, clmul, bmi1, bmi2, adx, avx512f, avx512dq, avx512cd, avx512bw, avx512vl, sha, fma, vzeroupper, avx512_vpopcntdq, avx512_vpclmulqdq, avx512_vaes, avx512_vnni, clflush, clflushopt, avx512_vbmi2, avx512_vbmi

Memory: 4k page, system-wide physical 12069M (820M free)
TotalPageFile size 20261M (AvailPageFile size 74M)
current process WorkingSet (physical memory assigned to process): 360M, peak: 360M
current process commit charge ("private bytes"): 405M, peak: 480M

vm_info: Java HotSpot(TM) 64-Bit Server VM (17.0.7+8-LTS-224) for windows-amd64 JRE (17.0.7+8-LTS-224), built on Feb 28 2023 23:03:02 by "mach5one" with MS VC++ 17.1 (VS2022)

END.
